#! /usr/bin/vvp
:ivl_version "12.0 (stable)";
:ivl_delay_selection "TYPICAL";
:vpi_time_precision + 0;
:vpi_module "/usr/lib64/ivl/system.vpi";
:vpi_module "/usr/lib64/ivl/vhdl_sys.vpi";
:vpi_module "/usr/lib64/ivl/vhdl_textio.vpi";
:vpi_module "/usr/lib64/ivl/v2005_math.vpi";
:vpi_module "/usr/lib64/ivl/va_math.vpi";
S_0x562e2d015470 .scope module, "hll_3d_cell" "hll_3d_cell" 2 1;
 .timescale 0 0;
    .port_info 0 /INPUT 512 "layer_registers";
    .port_info 1 /OUTPUT 64 "vertical_entanglement";
P_0x562e2d015600 .param/l "HASH_WIDTH" 0 2 3, +C4<00000000000000000000000001000000>;
P_0x562e2d015640 .param/l "NUM_LAYERS" 0 2 2, +C4<00000000000000000000000000001000>;
o0x7f822e182618 .functor BUFZ 512, C4<zzzzzzzzzzzzzzzzzzzzzzzzzzzzzzzzzzzzzzzzzzzzzzzzzzzzzzzzzzzzzzzzzzzzzzzzzzzzzzzzzzzzzzzzzzzzzzzzzzzzzzzzzzzzzzzzzzzzzzzzzzzzzzzzzzzzzzzzzzzzzzzzzzzzzzzzzzzzzzzzzzzzzzzzzzzzzzzzzzzzzzzzzzzzzzzzzzzzzzzzzzzzzzzzzzzzzzzzzzzzzzzzzzzzzzzzzzzzzzzzzzzzzzzzzzzzzzzzzzzzzzzzzzzzzzzzzzzzzzzzzzzzzzzzzzzzzzzzzzzzzzzzzzzzzzzzzzzzzzzzzzzzzzzzzzzzzzzzzzzzzzzzzzzzzzzzzzzzzzzzzzzzzzzzzzzzzzzzzzzzzzzzzzzzzzzzzzzzzzzzzzzzzzzzzzzzzzzzzzzzzzzzzzzzzzzzzzzzzzzzzzzzzzzzzzzzzzzzzzzzzzzzzzzzzzzzzzzzzzzzzzzzzzzzzzzzzzzzzzzzzzzzzzzzzzzz>; HiZ drive
v0x562e2d0fba40_0 .net "layer_registers", 511 0, o0x7f822e182618;  0 drivers
v0x562e2d0fbb20_0 .net "vertical_entanglement", 63 0, L_0x562e2d1202e0;  1 drivers
L_0x562e2d0fbc40 .part o0x7f822e182618, 0, 64;
L_0x562e2d0fbd40 .part o0x7f822e182618, 64, 64;
L_0x562e2d10c110 .part o0x7f822e182618, 0, 64;
L_0x562e2d10c1b0 .part o0x7f822e182618, 128, 64;
L_0x562e2d10c4e0 .part o0x7f822e182618, 0, 64;
L_0x562e2d10c580 .part o0x7f822e182618, 192, 64;
L_0x562e2d10c8b0 .part o0x7f822e182618, 0, 64;
L_0x562e2d10c950 .part o0x7f822e182618, 256, 64;
L_0x562e2d10ce20 .part o0x7f822e182618, 0, 64;
L_0x562e2d10cec0 .part o0x7f822e182618, 320, 64;
L_0x562e2d10d1c0 .part o0x7f822e182618, 0, 64;
L_0x562e2d10d260 .part o0x7f822e182618, 384, 64;
L_0x562e2d10d5f0 .part o0x7f822e182618, 0, 64;
L_0x562e2d10d690 .part o0x7f822e182618, 448, 64;
L_0x562e2d10d9c0 .part o0x7f822e182618, 64, 64;
L_0x562e2d10da60 .part o0x7f822e182618, 0, 64;
L_0x562e2d10ddc0 .part o0x7f822e182618, 64, 64;
L_0x562e2d10de60 .part o0x7f822e182618, 128, 64;
L_0x562e2d10e250 .part o0x7f822e182618, 64, 64;
L_0x562e2d10e2f0 .part o0x7f822e182618, 192, 64;
L_0x562e2d10e620 .part o0x7f822e182618, 64, 64;
L_0x562e2d10e6c0 .part o0x7f822e182618, 256, 64;
L_0x562e2d10eaa0 .part o0x7f822e182618, 64, 64;
L_0x562e2d10eb40 .part o0x7f822e182618, 320, 64;
L_0x562e2d10ef30 .part o0x7f822e182618, 64, 64;
L_0x562e2d10efd0 .part o0x7f822e182618, 384, 64;
L_0x562e2d10f3d0 .part o0x7f822e182618, 64, 64;
L_0x562e2d10f470 .part o0x7f822e182618, 448, 64;
L_0x562e2d10f880 .part o0x7f822e182618, 128, 64;
L_0x562e2d10f920 .part o0x7f822e182618, 0, 64;
L_0x562e2d10fd40 .part o0x7f822e182618, 128, 64;
L_0x562e2d10fde0 .part o0x7f822e182618, 64, 64;
L_0x562e2d110620 .part o0x7f822e182618, 128, 64;
L_0x562e2d1106c0 .part o0x7f822e182618, 192, 64;
L_0x562e2d110b30 .part o0x7f822e182618, 128, 64;
L_0x562e2d110bd0 .part o0x7f822e182618, 256, 64;
L_0x562e2d111020 .part o0x7f822e182618, 128, 64;
L_0x562e2d1110c0 .part o0x7f822e182618, 320, 64;
L_0x562e2d111520 .part o0x7f822e182618, 128, 64;
L_0x562e2d1115c0 .part o0x7f822e182618, 384, 64;
L_0x562e2d111a30 .part o0x7f822e182618, 128, 64;
L_0x562e2d111ad0 .part o0x7f822e182618, 448, 64;
L_0x562e2d111f50 .part o0x7f822e182618, 192, 64;
L_0x562e2d111ff0 .part o0x7f822e182618, 0, 64;
L_0x562e2d112480 .part o0x7f822e182618, 192, 64;
L_0x562e2d112520 .part o0x7f822e182618, 64, 64;
L_0x562e2d1129c0 .part o0x7f822e182618, 192, 64;
L_0x562e2d112a60 .part o0x7f822e182618, 128, 64;
L_0x562e2d112f10 .part o0x7f822e182618, 192, 64;
L_0x562e2d112fb0 .part o0x7f822e182618, 256, 64;
L_0x562e2d1134a0 .part o0x7f822e182618, 192, 64;
L_0x562e2d113540 .part o0x7f822e182618, 320, 64;
L_0x562e2d113a10 .part o0x7f822e182618, 192, 64;
L_0x562e2d113ab0 .part o0x7f822e182618, 384, 64;
L_0x562e2d113f90 .part o0x7f822e182618, 192, 64;
L_0x562e2d114030 .part o0x7f822e182618, 448, 64;
L_0x562e2d114520 .part o0x7f822e182618, 256, 64;
L_0x562e2d1145c0 .part o0x7f822e182618, 0, 64;
L_0x562e2d114ac0 .part o0x7f822e182618, 256, 64;
L_0x562e2d114b60 .part o0x7f822e182618, 64, 64;
L_0x562e2d115070 .part o0x7f822e182618, 256, 64;
L_0x562e2d115110 .part o0x7f822e182618, 128, 64;
L_0x562e2d115630 .part o0x7f822e182618, 256, 64;
L_0x562e2d1156d0 .part o0x7f822e182618, 192, 64;
L_0x562e2d116410 .part o0x7f822e182618, 256, 64;
L_0x562e2d1164b0 .part o0x7f822e182618, 320, 64;
L_0x562e2d116a20 .part o0x7f822e182618, 256, 64;
L_0x562e2d116ac0 .part o0x7f822e182618, 384, 64;
L_0x562e2d117010 .part o0x7f822e182618, 256, 64;
L_0x562e2d1170b0 .part o0x7f822e182618, 448, 64;
L_0x562e2d117610 .part o0x7f822e182618, 320, 64;
L_0x562e2d1176b0 .part o0x7f822e182618, 0, 64;
L_0x562e2d117c20 .part o0x7f822e182618, 320, 64;
L_0x562e2d117cc0 .part o0x7f822e182618, 64, 64;
L_0x562e2d118240 .part o0x7f822e182618, 320, 64;
L_0x562e2d1182e0 .part o0x7f822e182618, 128, 64;
L_0x562e2d118870 .part o0x7f822e182618, 320, 64;
L_0x562e2d118910 .part o0x7f822e182618, 192, 64;
L_0x562e2d118eb0 .part o0x7f822e182618, 320, 64;
L_0x562e2d118f50 .part o0x7f822e182618, 256, 64;
L_0x562e2d119500 .part o0x7f822e182618, 320, 64;
L_0x562e2d1195a0 .part o0x7f822e182618, 384, 64;
L_0x562e2d119b90 .part o0x7f822e182618, 320, 64;
L_0x562e2d119c30 .part o0x7f822e182618, 448, 64;
L_0x562e2d11a200 .part o0x7f822e182618, 384, 64;
L_0x562e2d11a2a0 .part o0x7f822e182618, 0, 64;
L_0x562e2d11a880 .part o0x7f822e182618, 384, 64;
L_0x562e2d11a920 .part o0x7f822e182618, 64, 64;
L_0x562e2d11af10 .part o0x7f822e182618, 384, 64;
L_0x562e2d11afb0 .part o0x7f822e182618, 128, 64;
L_0x562e2d11b5b0 .part o0x7f822e182618, 384, 64;
L_0x562e2d11b650 .part o0x7f822e182618, 192, 64;
L_0x562e2d11bc60 .part o0x7f822e182618, 384, 64;
L_0x562e2d11bd00 .part o0x7f822e182618, 256, 64;
L_0x562e2d11c320 .part o0x7f822e182618, 384, 64;
L_0x562e2d11c3c0 .part o0x7f822e182618, 320, 64;
L_0x562e2d11c9f0 .part o0x7f822e182618, 384, 64;
L_0x562e2d11ca90 .part o0x7f822e182618, 448, 64;
L_0x562e2d11d100 .part o0x7f822e182618, 448, 64;
L_0x562e2d11d1a0 .part o0x7f822e182618, 0, 64;
L_0x562e2d11d7f0 .part o0x7f822e182618, 448, 64;
L_0x562e2d11d890 .part o0x7f822e182618, 64, 64;
L_0x562e2d11def0 .part o0x7f822e182618, 448, 64;
L_0x562e2d11df90 .part o0x7f822e182618, 128, 64;
L_0x562e2d11e600 .part o0x7f822e182618, 448, 64;
L_0x562e2d11e6a0 .part o0x7f822e182618, 192, 64;
L_0x562e2d11ed20 .part o0x7f822e182618, 448, 64;
L_0x562e2d11edc0 .part o0x7f822e182618, 256, 64;
L_0x562e2d11f450 .part o0x7f822e182618, 448, 64;
L_0x562e2d11f4f0 .part o0x7f822e182618, 320, 64;
L_0x562e2d11fb90 .part o0x7f822e182618, 448, 64;
L_0x562e2d11fc30 .part o0x7f822e182618, 384, 64;
L_0x7f822e136018 .functor BUFT 1, C4<0>, C4<0>, C4<0>, C4<0>;
LS_0x562e2d1202e0_0_0 .concat8 [ 1 1 1 1], L_0x7f822e136018, L_0x562e2d10bfd0, L_0x562e2d10c370, L_0x562e2d10c770;
LS_0x562e2d1202e0_0_4 .concat8 [ 1 1 1 1], L_0x562e2d10cce0, L_0x562e2d10d080, L_0x562e2d10d4b0, L_0x562e2d10d880;
L_0x7f822e1362a0 .functor BUFT 1, C4<0>, C4<0>, C4<0>, C4<0>;
LS_0x562e2d1202e0_0_8 .concat8 [ 1 1 1 1], L_0x562e2d10dcd0, L_0x7f822e1362a0, L_0x562e2d10e110, L_0x562e2d10df30;
LS_0x562e2d1202e0_0_12 .concat8 [ 1 1 1 1], L_0x562e2d10e960, L_0x562e2d10edf0, L_0x562e2d10f290, L_0x562e2d10f740;
L_0x7f822e136528 .functor BUFT 1, C4<0>, C4<0>, C4<0>, C4<0>;
LS_0x562e2d1202e0_0_16 .concat8 [ 1 1 1 1], L_0x562e2d10fc00, L_0x562e2d1104e0, L_0x7f822e136528, L_0x562e2d1109f0;
LS_0x562e2d1202e0_0_20 .concat8 [ 1 1 1 1], L_0x562e2d110ee0, L_0x562e2d1113e0, L_0x562e2d1118f0, L_0x562e2d111e10;
L_0x7f822e1367b0 .functor BUFT 1, C4<0>, C4<0>, C4<0>, C4<0>;
LS_0x562e2d1202e0_0_24 .concat8 [ 1 1 1 1], L_0x562e2d112340, L_0x562e2d112880, L_0x562e2d112dd0, L_0x7f822e1367b0;
LS_0x562e2d1202e0_0_28 .concat8 [ 1 1 1 1], L_0x562e2d113360, L_0x562e2d1138d0, L_0x562e2d113e50, L_0x562e2d1143e0;
LS_0x562e2d1202e0_0_32 .concat8 [ 1 1 1 1], L_0x562e2d114980, L_0x562e2d114f30, L_0x562e2d1154f0, L_0x562e2d1162d0;
L_0x7f822e136a38 .functor BUFT 1, C4<0>, C4<0>, C4<0>, C4<0>;
LS_0x562e2d1202e0_0_36 .concat8 [ 1 1 1 1], L_0x7f822e136a38, L_0x562e2d1168e0, L_0x562e2d116ed0, L_0x562e2d1174d0;
LS_0x562e2d1202e0_0_40 .concat8 [ 1 1 1 1], L_0x562e2d117ae0, L_0x562e2d118100, L_0x562e2d118730, L_0x562e2d118d70;
L_0x7f822e136cc0 .functor BUFT 1, C4<0>, C4<0>, C4<0>, C4<0>;
LS_0x562e2d1202e0_0_44 .concat8 [ 1 1 1 1], L_0x562e2d1193c0, L_0x7f822e136cc0, L_0x562e2d119a50, L_0x562e2d11a0c0;
LS_0x562e2d1202e0_0_48 .concat8 [ 1 1 1 1], L_0x562e2d11a740, L_0x562e2d11add0, L_0x562e2d11b470, L_0x562e2d11bb20;
L_0x7f822e136f48 .functor BUFT 1, C4<0>, C4<0>, C4<0>, C4<0>;
LS_0x562e2d1202e0_0_52 .concat8 [ 1 1 1 1], L_0x562e2d11c1e0, L_0x562e2d11c8b0, L_0x7f822e136f48, L_0x562e2d11cfc0;
LS_0x562e2d1202e0_0_56 .concat8 [ 1 1 1 1], L_0x562e2d11d6b0, L_0x562e2d11ddb0, L_0x562e2d11e4c0, L_0x562e2d11ebe0;
L_0x7f822e1371d0 .functor BUFT 1, C4<0>, C4<0>, C4<0>, C4<0>;
LS_0x562e2d1202e0_0_60 .concat8 [ 1 1 1 1], L_0x562e2d11f310, L_0x562e2d11fa50, L_0x562e2d1201a0, L_0x7f822e1371d0;
LS_0x562e2d1202e0_1_0 .concat8 [ 4 4 4 4], LS_0x562e2d1202e0_0_0, LS_0x562e2d1202e0_0_4, LS_0x562e2d1202e0_0_8, LS_0x562e2d1202e0_0_12;
LS_0x562e2d1202e0_1_4 .concat8 [ 4 4 4 4], LS_0x562e2d1202e0_0_16, LS_0x562e2d1202e0_0_20, LS_0x562e2d1202e0_0_24, LS_0x562e2d1202e0_0_28;
LS_0x562e2d1202e0_1_8 .concat8 [ 4 4 4 4], LS_0x562e2d1202e0_0_32, LS_0x562e2d1202e0_0_36, LS_0x562e2d1202e0_0_40, LS_0x562e2d1202e0_0_44;
LS_0x562e2d1202e0_1_12 .concat8 [ 4 4 4 4], LS_0x562e2d1202e0_0_48, LS_0x562e2d1202e0_0_52, LS_0x562e2d1202e0_0_56, LS_0x562e2d1202e0_0_60;
L_0x562e2d1202e0 .concat8 [ 16 16 16 16], LS_0x562e2d1202e0_1_0, LS_0x562e2d1202e0_1_4, LS_0x562e2d1202e0_1_8, LS_0x562e2d1202e0_1_12;
S_0x562e2d015750 .scope generate, "layer_z[0]" "layer_z[0]" 2 10, 2 10 0, S_0x562e2d015470;
 .timescale 0 0;
P_0x562e2d0b0270 .param/l "z" 1 2 10, +C4<00>;
S_0x562e2d0ba160 .scope generate, "layer_zz[0]" "layer_zz[0]" 2 11, 2 11 0, S_0x562e2d015750;
 .timescale 0 0;
P_0x562e2d0a9e60 .param/l "zz" 1 2 11, +C4<00>;
S_0x562e2d0ba2f0 .scope generate, "genblk1" "genblk1" 2 12, 2 12 0, S_0x562e2d0ba160;
 .timescale 0 0;
v0x562e2d0702e0_0 .net/2s *"_ivl_0", 0 0, L_0x7f822e136018;  1 drivers
S_0x562e2d0d77c0 .scope generate, "layer_zz[1]" "layer_zz[1]" 2 11, 2 11 0, S_0x562e2d015750;
 .timescale 0 0;
P_0x562e2d0b1a40 .param/l "zz" 1 2 11, +C4<01>;
S_0x562e2d0d7a00 .scope generate, "genblk1" "genblk1" 2 12, 2 12 0, S_0x562e2d0d77c0;
 .timescale 0 0;
L_0x562e2d0fbe60 .functor AND 64, L_0x562e2d0fbc40, L_0x562e2d0fbd40, C4<1111111111111111111111111111111111111111111111111111111111111111>, C4<1111111111111111111111111111111111111111111111111111111111111111>;
v0x562e2d06a0b0_0 .net *"_ivl_0", 63 0, L_0x562e2d0fbc40;  1 drivers
v0x562e2d068980_0 .net *"_ivl_1", 63 0, L_0x562e2d0fbd40;  1 drivers
v0x562e2d067250_0 .net *"_ivl_2", 63 0, L_0x562e2d0fbe60;  1 drivers
L_0x7f822e136060 .functor BUFT 1, C4<0000000000000000000000000000000000000000000000000000000000000000>, C4<0>, C4<0>, C4<0>;
v0x562e2d065b20_0 .net/2u *"_ivl_4", 63 0, L_0x7f822e136060;  1 drivers
v0x562e2d0643c0_0 .net *"_ivl_6", 0 0, L_0x562e2d10bfd0;  1 drivers
L_0x562e2d10bfd0 .cmp/ne 64, L_0x562e2d0fbe60, L_0x7f822e136060;
S_0x562e2d0d7ce0 .scope generate, "layer_zz[2]" "layer_zz[2]" 2 11, 2 11 0, S_0x562e2d015750;
 .timescale 0 0;
P_0x562e2d0b7980 .param/l "zz" 1 2 11, +C4<010>;
S_0x562e2d0d7f00 .scope generate, "genblk1" "genblk1" 2 12, 2 12 0, S_0x562e2d0d7ce0;
 .timescale 0 0;
L_0x562e2d10c280 .functor AND 64, L_0x562e2d10c110, L_0x562e2d10c1b0, C4<1111111111111111111111111111111111111111111111111111111111111111>, C4<1111111111111111111111111111111111111111111111111111111111111111>;
v0x562e2d016ac0_0 .net *"_ivl_0", 63 0, L_0x562e2d10c110;  1 drivers
v0x562e2d0d8140_0 .net *"_ivl_1", 63 0, L_0x562e2d10c1b0;  1 drivers
v0x562e2d0d8220_0 .net *"_ivl_2", 63 0, L_0x562e2d10c280;  1 drivers
L_0x7f822e1360a8 .functor BUFT 1, C4<0000000000000000000000000000000000000000000000000000000000000000>, C4<0>, C4<0>, C4<0>;
v0x562e2d0d8310_0 .net/2u *"_ivl_4", 63 0, L_0x7f822e1360a8;  1 drivers
v0x562e2d0d83f0_0 .net *"_ivl_6", 0 0, L_0x562e2d10c370;  1 drivers
L_0x562e2d10c370 .cmp/ne 64, L_0x562e2d10c280, L_0x7f822e1360a8;
S_0x562e2d0d8500 .scope generate, "layer_zz[3]" "layer_zz[3]" 2 11, 2 11 0, S_0x562e2d015750;
 .timescale 0 0;
P_0x562e2d0d8700 .param/l "zz" 1 2 11, +C4<011>;
S_0x562e2d0d87e0 .scope generate, "genblk1" "genblk1" 2 12, 2 12 0, S_0x562e2d0d8500;
 .timescale 0 0;
L_0x562e2d10c660 .functor AND 64, L_0x562e2d10c4e0, L_0x562e2d10c580, C4<1111111111111111111111111111111111111111111111111111111111111111>, C4<1111111111111111111111111111111111111111111111111111111111111111>;
v0x562e2d0d89c0_0 .net *"_ivl_0", 63 0, L_0x562e2d10c4e0;  1 drivers
v0x562e2d0d8ac0_0 .net *"_ivl_1", 63 0, L_0x562e2d10c580;  1 drivers
v0x562e2d0d8ba0_0 .net *"_ivl_2", 63 0, L_0x562e2d10c660;  1 drivers
L_0x7f822e1360f0 .functor BUFT 1, C4<0000000000000000000000000000000000000000000000000000000000000000>, C4<0>, C4<0>, C4<0>;
v0x562e2d0d8c60_0 .net/2u *"_ivl_4", 63 0, L_0x7f822e1360f0;  1 drivers
v0x562e2d0d8d40_0 .net *"_ivl_6", 0 0, L_0x562e2d10c770;  1 drivers
L_0x562e2d10c770 .cmp/ne 64, L_0x562e2d10c660, L_0x7f822e1360f0;
S_0x562e2d0d8e50 .scope generate, "layer_zz[4]" "layer_zz[4]" 2 11, 2 11 0, S_0x562e2d015750;
 .timescale 0 0;
P_0x562e2d0d90a0 .param/l "zz" 1 2 11, +C4<0100>;
S_0x562e2d0d9180 .scope generate, "genblk1" "genblk1" 2 12, 2 12 0, S_0x562e2d0d8e50;
 .timescale 0 0;
L_0x562e2d10cb50 .functor AND 64, L_0x562e2d10c8b0, L_0x562e2d10c950, C4<1111111111111111111111111111111111111111111111111111111111111111>, C4<1111111111111111111111111111111111111111111111111111111111111111>;
v0x562e2d0d9360_0 .net *"_ivl_0", 63 0, L_0x562e2d10c8b0;  1 drivers
v0x562e2d0d9460_0 .net *"_ivl_1", 63 0, L_0x562e2d10c950;  1 drivers
v0x562e2d0d9540_0 .net *"_ivl_2", 63 0, L_0x562e2d10cb50;  1 drivers
L_0x7f822e136138 .functor BUFT 1, C4<0000000000000000000000000000000000000000000000000000000000000000>, C4<0>, C4<0>, C4<0>;
v0x562e2d0d9600_0 .net/2u *"_ivl_4", 63 0, L_0x7f822e136138;  1 drivers
v0x562e2d0d96e0_0 .net *"_ivl_6", 0 0, L_0x562e2d10cce0;  1 drivers
L_0x562e2d10cce0 .cmp/ne 64, L_0x562e2d10cb50, L_0x7f822e136138;
S_0x562e2d0d97f0 .scope generate, "layer_zz[5]" "layer_zz[5]" 2 11, 2 11 0, S_0x562e2d015750;
 .timescale 0 0;
P_0x562e2d0d99f0 .param/l "zz" 1 2 11, +C4<0101>;
S_0x562e2d0d9ad0 .scope generate, "genblk1" "genblk1" 2 12, 2 12 0, S_0x562e2d0d97f0;
 .timescale 0 0;
L_0x562e2d10cfc0 .functor AND 64, L_0x562e2d10ce20, L_0x562e2d10cec0, C4<1111111111111111111111111111111111111111111111111111111111111111>, C4<1111111111111111111111111111111111111111111111111111111111111111>;
v0x562e2d0d9cb0_0 .net *"_ivl_0", 63 0, L_0x562e2d10ce20;  1 drivers
v0x562e2d0d9db0_0 .net *"_ivl_1", 63 0, L_0x562e2d10cec0;  1 drivers
v0x562e2d0d9e90_0 .net *"_ivl_2", 63 0, L_0x562e2d10cfc0;  1 drivers
L_0x7f822e136180 .functor BUFT 1, C4<0000000000000000000000000000000000000000000000000000000000000000>, C4<0>, C4<0>, C4<0>;
v0x562e2d0d9f50_0 .net/2u *"_ivl_4", 63 0, L_0x7f822e136180;  1 drivers
v0x562e2d0da030_0 .net *"_ivl_6", 0 0, L_0x562e2d10d080;  1 drivers
L_0x562e2d10d080 .cmp/ne 64, L_0x562e2d10cfc0, L_0x7f822e136180;
S_0x562e2d0da140 .scope generate, "layer_zz[6]" "layer_zz[6]" 2 11, 2 11 0, S_0x562e2d015750;
 .timescale 0 0;
P_0x562e2d0da340 .param/l "zz" 1 2 11, +C4<0110>;
S_0x562e2d0da420 .scope generate, "genblk1" "genblk1" 2 12, 2 12 0, S_0x562e2d0da140;
 .timescale 0 0;
L_0x562e2d10d370 .functor AND 64, L_0x562e2d10d1c0, L_0x562e2d10d260, C4<1111111111111111111111111111111111111111111111111111111111111111>, C4<1111111111111111111111111111111111111111111111111111111111111111>;
v0x562e2d0da600_0 .net *"_ivl_0", 63 0, L_0x562e2d10d1c0;  1 drivers
v0x562e2d0da700_0 .net *"_ivl_1", 63 0, L_0x562e2d10d260;  1 drivers
v0x562e2d0da7e0_0 .net *"_ivl_2", 63 0, L_0x562e2d10d370;  1 drivers
L_0x7f822e1361c8 .functor BUFT 1, C4<0000000000000000000000000000000000000000000000000000000000000000>, C4<0>, C4<0>, C4<0>;
v0x562e2d0da8a0_0 .net/2u *"_ivl_4", 63 0, L_0x7f822e1361c8;  1 drivers
v0x562e2d0da980_0 .net *"_ivl_6", 0 0, L_0x562e2d10d4b0;  1 drivers
L_0x562e2d10d4b0 .cmp/ne 64, L_0x562e2d10d370, L_0x7f822e1361c8;
S_0x562e2d0daa90 .scope generate, "layer_zz[7]" "layer_zz[7]" 2 11, 2 11 0, S_0x562e2d015750;
 .timescale 0 0;
P_0x562e2d0dac90 .param/l "zz" 1 2 11, +C4<0111>;
S_0x562e2d0dad70 .scope generate, "genblk1" "genblk1" 2 12, 2 12 0, S_0x562e2d0daa90;
 .timescale 0 0;
L_0x562e2d10d300 .functor AND 64, L_0x562e2d10d5f0, L_0x562e2d10d690, C4<1111111111111111111111111111111111111111111111111111111111111111>, C4<1111111111111111111111111111111111111111111111111111111111111111>;
v0x562e2d0daf50_0 .net *"_ivl_0", 63 0, L_0x562e2d10d5f0;  1 drivers
v0x562e2d0db050_0 .net *"_ivl_1", 63 0, L_0x562e2d10d690;  1 drivers
v0x562e2d0db130_0 .net *"_ivl_2", 63 0, L_0x562e2d10d300;  1 drivers
L_0x7f822e136210 .functor BUFT 1, C4<0000000000000000000000000000000000000000000000000000000000000000>, C4<0>, C4<0>, C4<0>;
v0x562e2d0db1f0_0 .net/2u *"_ivl_4", 63 0, L_0x7f822e136210;  1 drivers
v0x562e2d0db2d0_0 .net *"_ivl_6", 0 0, L_0x562e2d10d880;  1 drivers
L_0x562e2d10d880 .cmp/ne 64, L_0x562e2d10d300, L_0x7f822e136210;
S_0x562e2d0db3e0 .scope generate, "layer_z[1]" "layer_z[1]" 2 10, 2 10 0, S_0x562e2d015470;
 .timescale 0 0;
P_0x562e2d0db600 .param/l "z" 1 2 10, +C4<01>;
S_0x562e2d0db6c0 .scope generate, "layer_zz[0]" "layer_zz[0]" 2 11, 2 11 0, S_0x562e2d0db3e0;
 .timescale 0 0;
P_0x562e2d0db8c0 .param/l "zz" 1 2 11, +C4<00>;
S_0x562e2d0db9a0 .scope generate, "genblk1" "genblk1" 2 12, 2 12 0, S_0x562e2d0db6c0;
 .timescale 0 0;
L_0x562e2d10db90 .functor AND 64, L_0x562e2d10d9c0, L_0x562e2d10da60, C4<1111111111111111111111111111111111111111111111111111111111111111>, C4<1111111111111111111111111111111111111111111111111111111111111111>;
v0x562e2d0dbb80_0 .net *"_ivl_0", 63 0, L_0x562e2d10d9c0;  1 drivers
v0x562e2d0dbc80_0 .net *"_ivl_1", 63 0, L_0x562e2d10da60;  1 drivers
v0x562e2d0dbd60_0 .net *"_ivl_2", 63 0, L_0x562e2d10db90;  1 drivers
L_0x7f822e136258 .functor BUFT 1, C4<0000000000000000000000000000000000000000000000000000000000000000>, C4<0>, C4<0>, C4<0>;
v0x562e2d0dbe20_0 .net/2u *"_ivl_4", 63 0, L_0x7f822e136258;  1 drivers
v0x562e2d0dbf00_0 .net *"_ivl_6", 0 0, L_0x562e2d10dcd0;  1 drivers
L_0x562e2d10dcd0 .cmp/ne 64, L_0x562e2d10db90, L_0x7f822e136258;
S_0x562e2d0dc010 .scope generate, "layer_zz[1]" "layer_zz[1]" 2 11, 2 11 0, S_0x562e2d0db3e0;
 .timescale 0 0;
P_0x562e2d0dc230 .param/l "zz" 1 2 11, +C4<01>;
S_0x562e2d0dc2f0 .scope generate, "genblk1" "genblk1" 2 12, 2 12 0, S_0x562e2d0dc010;
 .timescale 0 0;
v0x562e2d0dc4d0_0 .net/2s *"_ivl_0", 0 0, L_0x7f822e1362a0;  1 drivers
S_0x562e2d0dc5d0 .scope generate, "layer_zz[2]" "layer_zz[2]" 2 11, 2 11 0, S_0x562e2d0db3e0;
 .timescale 0 0;
P_0x562e2d0dc7d0 .param/l "zz" 1 2 11, +C4<010>;
S_0x562e2d0dc890 .scope generate, "genblk1" "genblk1" 2 12, 2 12 0, S_0x562e2d0dc5d0;
 .timescale 0 0;
L_0x562e2d10dfd0 .functor AND 64, L_0x562e2d10ddc0, L_0x562e2d10de60, C4<1111111111111111111111111111111111111111111111111111111111111111>, C4<1111111111111111111111111111111111111111111111111111111111111111>;
v0x562e2d0dca70_0 .net *"_ivl_0", 63 0, L_0x562e2d10ddc0;  1 drivers
v0x562e2d0dcb70_0 .net *"_ivl_1", 63 0, L_0x562e2d10de60;  1 drivers
v0x562e2d0dcc50_0 .net *"_ivl_2", 63 0, L_0x562e2d10dfd0;  1 drivers
L_0x7f822e1362e8 .functor BUFT 1, C4<0000000000000000000000000000000000000000000000000000000000000000>, C4<0>, C4<0>, C4<0>;
v0x562e2d0dcd10_0 .net/2u *"_ivl_4", 63 0, L_0x7f822e1362e8;  1 drivers
v0x562e2d0dcdf0_0 .net *"_ivl_6", 0 0, L_0x562e2d10e110;  1 drivers
L_0x562e2d10e110 .cmp/ne 64, L_0x562e2d10dfd0, L_0x7f822e1362e8;
S_0x562e2d0dcf00 .scope generate, "layer_zz[3]" "layer_zz[3]" 2 11, 2 11 0, S_0x562e2d0db3e0;
 .timescale 0 0;
P_0x562e2d0dd100 .param/l "zz" 1 2 11, +C4<011>;
S_0x562e2d0dd1e0 .scope generate, "genblk1" "genblk1" 2 12, 2 12 0, S_0x562e2d0dcf00;
 .timescale 0 0;
L_0x562e2d10e440 .functor AND 64, L_0x562e2d10e250, L_0x562e2d10e2f0, C4<1111111111111111111111111111111111111111111111111111111111111111>, C4<1111111111111111111111111111111111111111111111111111111111111111>;
v0x562e2d0dd3c0_0 .net *"_ivl_0", 63 0, L_0x562e2d10e250;  1 drivers
v0x562e2d0dd4c0_0 .net *"_ivl_1", 63 0, L_0x562e2d10e2f0;  1 drivers
v0x562e2d0dd5a0_0 .net *"_ivl_2", 63 0, L_0x562e2d10e440;  1 drivers
L_0x7f822e136330 .functor BUFT 1, C4<0000000000000000000000000000000000000000000000000000000000000000>, C4<0>, C4<0>, C4<0>;
v0x562e2d0dd660_0 .net/2u *"_ivl_4", 63 0, L_0x7f822e136330;  1 drivers
v0x562e2d0dd740_0 .net *"_ivl_6", 0 0, L_0x562e2d10df30;  1 drivers
L_0x562e2d10df30 .cmp/ne 64, L_0x562e2d10e440, L_0x7f822e136330;
S_0x562e2d0dd850 .scope generate, "layer_zz[4]" "layer_zz[4]" 2 11, 2 11 0, S_0x562e2d0db3e0;
 .timescale 0 0;
P_0x562e2d0ddaa0 .param/l "zz" 1 2 11, +C4<0100>;
S_0x562e2d0ddb80 .scope generate, "genblk1" "genblk1" 2 12, 2 12 0, S_0x562e2d0dd850;
 .timescale 0 0;
L_0x562e2d10e820 .functor AND 64, L_0x562e2d10e620, L_0x562e2d10e6c0, C4<1111111111111111111111111111111111111111111111111111111111111111>, C4<1111111111111111111111111111111111111111111111111111111111111111>;
v0x562e2d0ddd60_0 .net *"_ivl_0", 63 0, L_0x562e2d10e620;  1 drivers
v0x562e2d0dde60_0 .net *"_ivl_1", 63 0, L_0x562e2d10e6c0;  1 drivers
v0x562e2d0ddf40_0 .net *"_ivl_2", 63 0, L_0x562e2d10e820;  1 drivers
L_0x7f822e136378 .functor BUFT 1, C4<0000000000000000000000000000000000000000000000000000000000000000>, C4<0>, C4<0>, C4<0>;
v0x562e2d0de000_0 .net/2u *"_ivl_4", 63 0, L_0x7f822e136378;  1 drivers
v0x562e2d0de0e0_0 .net *"_ivl_6", 0 0, L_0x562e2d10e960;  1 drivers
L_0x562e2d10e960 .cmp/ne 64, L_0x562e2d10e820, L_0x7f822e136378;
S_0x562e2d0de1f0 .scope generate, "layer_zz[5]" "layer_zz[5]" 2 11, 2 11 0, S_0x562e2d0db3e0;
 .timescale 0 0;
P_0x562e2d0de3f0 .param/l "zz" 1 2 11, +C4<0101>;
S_0x562e2d0de4d0 .scope generate, "genblk1" "genblk1" 2 12, 2 12 0, S_0x562e2d0de1f0;
 .timescale 0 0;
L_0x562e2d10ecb0 .functor AND 64, L_0x562e2d10eaa0, L_0x562e2d10eb40, C4<1111111111111111111111111111111111111111111111111111111111111111>, C4<1111111111111111111111111111111111111111111111111111111111111111>;
v0x562e2d0de6b0_0 .net *"_ivl_0", 63 0, L_0x562e2d10eaa0;  1 drivers
v0x562e2d0de7b0_0 .net *"_ivl_1", 63 0, L_0x562e2d10eb40;  1 drivers
v0x562e2d0de890_0 .net *"_ivl_2", 63 0, L_0x562e2d10ecb0;  1 drivers
L_0x7f822e1363c0 .functor BUFT 1, C4<0000000000000000000000000000000000000000000000000000000000000000>, C4<0>, C4<0>, C4<0>;
v0x562e2d0de950_0 .net/2u *"_ivl_4", 63 0, L_0x7f822e1363c0;  1 drivers
v0x562e2d0dea30_0 .net *"_ivl_6", 0 0, L_0x562e2d10edf0;  1 drivers
L_0x562e2d10edf0 .cmp/ne 64, L_0x562e2d10ecb0, L_0x7f822e1363c0;
S_0x562e2d0deb40 .scope generate, "layer_zz[6]" "layer_zz[6]" 2 11, 2 11 0, S_0x562e2d0db3e0;
 .timescale 0 0;
P_0x562e2d0ded40 .param/l "zz" 1 2 11, +C4<0110>;
S_0x562e2d0dee20 .scope generate, "genblk1" "genblk1" 2 12, 2 12 0, S_0x562e2d0deb40;
 .timescale 0 0;
L_0x562e2d10f150 .functor AND 64, L_0x562e2d10ef30, L_0x562e2d10efd0, C4<1111111111111111111111111111111111111111111111111111111111111111>, C4<1111111111111111111111111111111111111111111111111111111111111111>;
v0x562e2d0df000_0 .net *"_ivl_0", 63 0, L_0x562e2d10ef30;  1 drivers
v0x562e2d0df100_0 .net *"_ivl_1", 63 0, L_0x562e2d10efd0;  1 drivers
v0x562e2d0df1e0_0 .net *"_ivl_2", 63 0, L_0x562e2d10f150;  1 drivers
L_0x7f822e136408 .functor BUFT 1, C4<0000000000000000000000000000000000000000000000000000000000000000>, C4<0>, C4<0>, C4<0>;
v0x562e2d0df2a0_0 .net/2u *"_ivl_4", 63 0, L_0x7f822e136408;  1 drivers
v0x562e2d0df380_0 .net *"_ivl_6", 0 0, L_0x562e2d10f290;  1 drivers
L_0x562e2d10f290 .cmp/ne 64, L_0x562e2d10f150, L_0x7f822e136408;
S_0x562e2d0df490 .scope generate, "layer_zz[7]" "layer_zz[7]" 2 11, 2 11 0, S_0x562e2d0db3e0;
 .timescale 0 0;
P_0x562e2d0df690 .param/l "zz" 1 2 11, +C4<0111>;
S_0x562e2d0df770 .scope generate, "genblk1" "genblk1" 2 12, 2 12 0, S_0x562e2d0df490;
 .timescale 0 0;
L_0x562e2d10f600 .functor AND 64, L_0x562e2d10f3d0, L_0x562e2d10f470, C4<1111111111111111111111111111111111111111111111111111111111111111>, C4<1111111111111111111111111111111111111111111111111111111111111111>;
v0x562e2d0df950_0 .net *"_ivl_0", 63 0, L_0x562e2d10f3d0;  1 drivers
v0x562e2d0dfa50_0 .net *"_ivl_1", 63 0, L_0x562e2d10f470;  1 drivers
v0x562e2d0dfb30_0 .net *"_ivl_2", 63 0, L_0x562e2d10f600;  1 drivers
L_0x7f822e136450 .functor BUFT 1, C4<0000000000000000000000000000000000000000000000000000000000000000>, C4<0>, C4<0>, C4<0>;
v0x562e2d0dfbf0_0 .net/2u *"_ivl_4", 63 0, L_0x7f822e136450;  1 drivers
v0x562e2d0dfcd0_0 .net *"_ivl_6", 0 0, L_0x562e2d10f740;  1 drivers
L_0x562e2d10f740 .cmp/ne 64, L_0x562e2d10f600, L_0x7f822e136450;
S_0x562e2d0dfde0 .scope generate, "layer_z[2]" "layer_z[2]" 2 10, 2 10 0, S_0x562e2d015470;
 .timescale 0 0;
P_0x562e2d0dffe0 .param/l "z" 1 2 10, +C4<010>;
S_0x562e2d0e00a0 .scope generate, "layer_zz[0]" "layer_zz[0]" 2 11, 2 11 0, S_0x562e2d0dfde0;
 .timescale 0 0;
P_0x562e2d0e02a0 .param/l "zz" 1 2 11, +C4<00>;
S_0x562e2d0e0380 .scope generate, "genblk1" "genblk1" 2 12, 2 12 0, S_0x562e2d0e00a0;
 .timescale 0 0;
L_0x562e2d10fac0 .functor AND 64, L_0x562e2d10f880, L_0x562e2d10f920, C4<1111111111111111111111111111111111111111111111111111111111111111>, C4<1111111111111111111111111111111111111111111111111111111111111111>;
v0x562e2d0e0560_0 .net *"_ivl_0", 63 0, L_0x562e2d10f880;  1 drivers
v0x562e2d0e0660_0 .net *"_ivl_1", 63 0, L_0x562e2d10f920;  1 drivers
v0x562e2d0e0740_0 .net *"_ivl_2", 63 0, L_0x562e2d10fac0;  1 drivers
L_0x7f822e136498 .functor BUFT 1, C4<0000000000000000000000000000000000000000000000000000000000000000>, C4<0>, C4<0>, C4<0>;
v0x562e2d0e0800_0 .net/2u *"_ivl_4", 63 0, L_0x7f822e136498;  1 drivers
v0x562e2d0e08e0_0 .net *"_ivl_6", 0 0, L_0x562e2d10fc00;  1 drivers
L_0x562e2d10fc00 .cmp/ne 64, L_0x562e2d10fac0, L_0x7f822e136498;
S_0x562e2d0e09f0 .scope generate, "layer_zz[1]" "layer_zz[1]" 2 11, 2 11 0, S_0x562e2d0dfde0;
 .timescale 0 0;
P_0x562e2d0e0c10 .param/l "zz" 1 2 11, +C4<01>;
S_0x562e2d0e0cd0 .scope generate, "genblk1" "genblk1" 2 12, 2 12 0, S_0x562e2d0e09f0;
 .timescale 0 0;
L_0x562e2d1103a0 .functor AND 64, L_0x562e2d10fd40, L_0x562e2d10fde0, C4<1111111111111111111111111111111111111111111111111111111111111111>, C4<1111111111111111111111111111111111111111111111111111111111111111>;
v0x562e2d0e0eb0_0 .net *"_ivl_0", 63 0, L_0x562e2d10fd40;  1 drivers
v0x562e2d0e0fb0_0 .net *"_ivl_1", 63 0, L_0x562e2d10fde0;  1 drivers
v0x562e2d0e1090_0 .net *"_ivl_2", 63 0, L_0x562e2d1103a0;  1 drivers
L_0x7f822e1364e0 .functor BUFT 1, C4<0000000000000000000000000000000000000000000000000000000000000000>, C4<0>, C4<0>, C4<0>;
v0x562e2d0e1150_0 .net/2u *"_ivl_4", 63 0, L_0x7f822e1364e0;  1 drivers
v0x562e2d0e1230_0 .net *"_ivl_6", 0 0, L_0x562e2d1104e0;  1 drivers
L_0x562e2d1104e0 .cmp/ne 64, L_0x562e2d1103a0, L_0x7f822e1364e0;
S_0x562e2d0e1340 .scope generate, "layer_zz[2]" "layer_zz[2]" 2 11, 2 11 0, S_0x562e2d0dfde0;
 .timescale 0 0;
P_0x562e2d0e1540 .param/l "zz" 1 2 11, +C4<010>;
S_0x562e2d0e1600 .scope generate, "genblk1" "genblk1" 2 12, 2 12 0, S_0x562e2d0e1340;
 .timescale 0 0;
v0x562e2d0e17e0_0 .net/2s *"_ivl_0", 0 0, L_0x7f822e136528;  1 drivers
S_0x562e2d0e18e0 .scope generate, "layer_zz[3]" "layer_zz[3]" 2 11, 2 11 0, S_0x562e2d0dfde0;
 .timescale 0 0;
P_0x562e2d0e1ae0 .param/l "zz" 1 2 11, +C4<011>;
S_0x562e2d0e1bc0 .scope generate, "genblk1" "genblk1" 2 12, 2 12 0, S_0x562e2d0e18e0;
 .timescale 0 0;
L_0x562e2d1108b0 .functor AND 64, L_0x562e2d110620, L_0x562e2d1106c0, C4<1111111111111111111111111111111111111111111111111111111111111111>, C4<1111111111111111111111111111111111111111111111111111111111111111>;
v0x562e2d0e1da0_0 .net *"_ivl_0", 63 0, L_0x562e2d110620;  1 drivers
v0x562e2d0e1ea0_0 .net *"_ivl_1", 63 0, L_0x562e2d1106c0;  1 drivers
v0x562e2d0e1f80_0 .net *"_ivl_2", 63 0, L_0x562e2d1108b0;  1 drivers
L_0x7f822e136570 .functor BUFT 1, C4<0000000000000000000000000000000000000000000000000000000000000000>, C4<0>, C4<0>, C4<0>;
v0x562e2d0e2070_0 .net/2u *"_ivl_4", 63 0, L_0x7f822e136570;  1 drivers
v0x562e2d0e2150_0 .net *"_ivl_6", 0 0, L_0x562e2d1109f0;  1 drivers
L_0x562e2d1109f0 .cmp/ne 64, L_0x562e2d1108b0, L_0x7f822e136570;
S_0x562e2d0e2260 .scope generate, "layer_zz[4]" "layer_zz[4]" 2 11, 2 11 0, S_0x562e2d0dfde0;
 .timescale 0 0;
P_0x562e2d0e24b0 .param/l "zz" 1 2 11, +C4<0100>;
S_0x562e2d0e2590 .scope generate, "genblk1" "genblk1" 2 12, 2 12 0, S_0x562e2d0e2260;
 .timescale 0 0;
L_0x562e2d110da0 .functor AND 64, L_0x562e2d110b30, L_0x562e2d110bd0, C4<1111111111111111111111111111111111111111111111111111111111111111>, C4<1111111111111111111111111111111111111111111111111111111111111111>;
v0x562e2d0e2770_0 .net *"_ivl_0", 63 0, L_0x562e2d110b30;  1 drivers
v0x562e2d0e2870_0 .net *"_ivl_1", 63 0, L_0x562e2d110bd0;  1 drivers
v0x562e2d0e2950_0 .net *"_ivl_2", 63 0, L_0x562e2d110da0;  1 drivers
L_0x7f822e1365b8 .functor BUFT 1, C4<0000000000000000000000000000000000000000000000000000000000000000>, C4<0>, C4<0>, C4<0>;
v0x562e2d0e2a10_0 .net/2u *"_ivl_4", 63 0, L_0x7f822e1365b8;  1 drivers
v0x562e2d0e2af0_0 .net *"_ivl_6", 0 0, L_0x562e2d110ee0;  1 drivers
L_0x562e2d110ee0 .cmp/ne 64, L_0x562e2d110da0, L_0x7f822e1365b8;
S_0x562e2d0e2c00 .scope generate, "layer_zz[5]" "layer_zz[5]" 2 11, 2 11 0, S_0x562e2d0dfde0;
 .timescale 0 0;
P_0x562e2d0e2e00 .param/l "zz" 1 2 11, +C4<0101>;
S_0x562e2d0e2ee0 .scope generate, "genblk1" "genblk1" 2 12, 2 12 0, S_0x562e2d0e2c00;
 .timescale 0 0;
L_0x562e2d1112a0 .functor AND 64, L_0x562e2d111020, L_0x562e2d1110c0, C4<1111111111111111111111111111111111111111111111111111111111111111>, C4<1111111111111111111111111111111111111111111111111111111111111111>;
v0x562e2d0e30c0_0 .net *"_ivl_0", 63 0, L_0x562e2d111020;  1 drivers
v0x562e2d0e31c0_0 .net *"_ivl_1", 63 0, L_0x562e2d1110c0;  1 drivers
v0x562e2d0e32a0_0 .net *"_ivl_2", 63 0, L_0x562e2d1112a0;  1 drivers
L_0x7f822e136600 .functor BUFT 1, C4<0000000000000000000000000000000000000000000000000000000000000000>, C4<0>, C4<0>, C4<0>;
v0x562e2d0e3360_0 .net/2u *"_ivl_4", 63 0, L_0x7f822e136600;  1 drivers
v0x562e2d0e3440_0 .net *"_ivl_6", 0 0, L_0x562e2d1113e0;  1 drivers
L_0x562e2d1113e0 .cmp/ne 64, L_0x562e2d1112a0, L_0x7f822e136600;
S_0x562e2d0e3550 .scope generate, "layer_zz[6]" "layer_zz[6]" 2 11, 2 11 0, S_0x562e2d0dfde0;
 .timescale 0 0;
P_0x562e2d0e3750 .param/l "zz" 1 2 11, +C4<0110>;
S_0x562e2d0e3830 .scope generate, "genblk1" "genblk1" 2 12, 2 12 0, S_0x562e2d0e3550;
 .timescale 0 0;
L_0x562e2d1117b0 .functor AND 64, L_0x562e2d111520, L_0x562e2d1115c0, C4<1111111111111111111111111111111111111111111111111111111111111111>, C4<1111111111111111111111111111111111111111111111111111111111111111>;
v0x562e2d0e3a10_0 .net *"_ivl_0", 63 0, L_0x562e2d111520;  1 drivers
v0x562e2d0e3b10_0 .net *"_ivl_1", 63 0, L_0x562e2d1115c0;  1 drivers
v0x562e2d0e3bf0_0 .net *"_ivl_2", 63 0, L_0x562e2d1117b0;  1 drivers
L_0x7f822e136648 .functor BUFT 1, C4<0000000000000000000000000000000000000000000000000000000000000000>, C4<0>, C4<0>, C4<0>;
v0x562e2d0e3cb0_0 .net/2u *"_ivl_4", 63 0, L_0x7f822e136648;  1 drivers
v0x562e2d0e3d90_0 .net *"_ivl_6", 0 0, L_0x562e2d1118f0;  1 drivers
L_0x562e2d1118f0 .cmp/ne 64, L_0x562e2d1117b0, L_0x7f822e136648;
S_0x562e2d0e3ea0 .scope generate, "layer_zz[7]" "layer_zz[7]" 2 11, 2 11 0, S_0x562e2d0dfde0;
 .timescale 0 0;
P_0x562e2d0e40a0 .param/l "zz" 1 2 11, +C4<0111>;
S_0x562e2d0e4180 .scope generate, "genblk1" "genblk1" 2 12, 2 12 0, S_0x562e2d0e3ea0;
 .timescale 0 0;
L_0x562e2d111cd0 .functor AND 64, L_0x562e2d111a30, L_0x562e2d111ad0, C4<1111111111111111111111111111111111111111111111111111111111111111>, C4<1111111111111111111111111111111111111111111111111111111111111111>;
v0x562e2d0e4360_0 .net *"_ivl_0", 63 0, L_0x562e2d111a30;  1 drivers
v0x562e2d0e4460_0 .net *"_ivl_1", 63 0, L_0x562e2d111ad0;  1 drivers
v0x562e2d0e4540_0 .net *"_ivl_2", 63 0, L_0x562e2d111cd0;  1 drivers
L_0x7f822e136690 .functor BUFT 1, C4<0000000000000000000000000000000000000000000000000000000000000000>, C4<0>, C4<0>, C4<0>;
v0x562e2d0e4600_0 .net/2u *"_ivl_4", 63 0, L_0x7f822e136690;  1 drivers
v0x562e2d0e46e0_0 .net *"_ivl_6", 0 0, L_0x562e2d111e10;  1 drivers
L_0x562e2d111e10 .cmp/ne 64, L_0x562e2d111cd0, L_0x7f822e136690;
S_0x562e2d0e47f0 .scope generate, "layer_z[3]" "layer_z[3]" 2 10, 2 10 0, S_0x562e2d015470;
 .timescale 0 0;
P_0x562e2d0e49f0 .param/l "z" 1 2 10, +C4<011>;
S_0x562e2d0e4ad0 .scope generate, "layer_zz[0]" "layer_zz[0]" 2 11, 2 11 0, S_0x562e2d0e47f0;
 .timescale 0 0;
P_0x562e2d0e4cd0 .param/l "zz" 1 2 11, +C4<00>;
S_0x562e2d0e4db0 .scope generate, "genblk1" "genblk1" 2 12, 2 12 0, S_0x562e2d0e4ad0;
 .timescale 0 0;
L_0x562e2d112200 .functor AND 64, L_0x562e2d111f50, L_0x562e2d111ff0, C4<1111111111111111111111111111111111111111111111111111111111111111>, C4<1111111111111111111111111111111111111111111111111111111111111111>;
v0x562e2d0e4f90_0 .net *"_ivl_0", 63 0, L_0x562e2d111f50;  1 drivers
v0x562e2d0e5090_0 .net *"_ivl_1", 63 0, L_0x562e2d111ff0;  1 drivers
v0x562e2d0e5170_0 .net *"_ivl_2", 63 0, L_0x562e2d112200;  1 drivers
L_0x7f822e1366d8 .functor BUFT 1, C4<0000000000000000000000000000000000000000000000000000000000000000>, C4<0>, C4<0>, C4<0>;
v0x562e2d0e5230_0 .net/2u *"_ivl_4", 63 0, L_0x7f822e1366d8;  1 drivers
v0x562e2d0e5310_0 .net *"_ivl_6", 0 0, L_0x562e2d112340;  1 drivers
L_0x562e2d112340 .cmp/ne 64, L_0x562e2d112200, L_0x7f822e1366d8;
S_0x562e2d0e5420 .scope generate, "layer_zz[1]" "layer_zz[1]" 2 11, 2 11 0, S_0x562e2d0e47f0;
 .timescale 0 0;
P_0x562e2d0e5640 .param/l "zz" 1 2 11, +C4<01>;
S_0x562e2d0e5700 .scope generate, "genblk1" "genblk1" 2 12, 2 12 0, S_0x562e2d0e5420;
 .timescale 0 0;
L_0x562e2d112740 .functor AND 64, L_0x562e2d112480, L_0x562e2d112520, C4<1111111111111111111111111111111111111111111111111111111111111111>, C4<1111111111111111111111111111111111111111111111111111111111111111>;
v0x562e2d0e58e0_0 .net *"_ivl_0", 63 0, L_0x562e2d112480;  1 drivers
v0x562e2d0e59e0_0 .net *"_ivl_1", 63 0, L_0x562e2d112520;  1 drivers
v0x562e2d0e5ac0_0 .net *"_ivl_2", 63 0, L_0x562e2d112740;  1 drivers
L_0x7f822e136720 .functor BUFT 1, C4<0000000000000000000000000000000000000000000000000000000000000000>, C4<0>, C4<0>, C4<0>;
v0x562e2d0e5b80_0 .net/2u *"_ivl_4", 63 0, L_0x7f822e136720;  1 drivers
v0x562e2d0e5c60_0 .net *"_ivl_6", 0 0, L_0x562e2d112880;  1 drivers
L_0x562e2d112880 .cmp/ne 64, L_0x562e2d112740, L_0x7f822e136720;
S_0x562e2d0e5d70 .scope generate, "layer_zz[2]" "layer_zz[2]" 2 11, 2 11 0, S_0x562e2d0e47f0;
 .timescale 0 0;
P_0x562e2d0e5f70 .param/l "zz" 1 2 11, +C4<010>;
S_0x562e2d0e6030 .scope generate, "genblk1" "genblk1" 2 12, 2 12 0, S_0x562e2d0e5d70;
 .timescale 0 0;
L_0x562e2d112c90 .functor AND 64, L_0x562e2d1129c0, L_0x562e2d112a60, C4<1111111111111111111111111111111111111111111111111111111111111111>, C4<1111111111111111111111111111111111111111111111111111111111111111>;
v0x562e2d0e6210_0 .net *"_ivl_0", 63 0, L_0x562e2d1129c0;  1 drivers
v0x562e2d0e6310_0 .net *"_ivl_1", 63 0, L_0x562e2d112a60;  1 drivers
v0x562e2d0e63f0_0 .net *"_ivl_2", 63 0, L_0x562e2d112c90;  1 drivers
L_0x7f822e136768 .functor BUFT 1, C4<0000000000000000000000000000000000000000000000000000000000000000>, C4<0>, C4<0>, C4<0>;
v0x562e2d0e64b0_0 .net/2u *"_ivl_4", 63 0, L_0x7f822e136768;  1 drivers
v0x562e2d0e6590_0 .net *"_ivl_6", 0 0, L_0x562e2d112dd0;  1 drivers
L_0x562e2d112dd0 .cmp/ne 64, L_0x562e2d112c90, L_0x7f822e136768;
S_0x562e2d0e66a0 .scope generate, "layer_zz[3]" "layer_zz[3]" 2 11, 2 11 0, S_0x562e2d0e47f0;
 .timescale 0 0;
P_0x562e2d0e68a0 .param/l "zz" 1 2 11, +C4<011>;
S_0x562e2d0e6980 .scope generate, "genblk1" "genblk1" 2 12, 2 12 0, S_0x562e2d0e66a0;
 .timescale 0 0;
v0x562e2d0e6b60_0 .net/2s *"_ivl_0", 0 0, L_0x7f822e1367b0;  1 drivers
S_0x562e2d0e6c60 .scope generate, "layer_zz[4]" "layer_zz[4]" 2 11, 2 11 0, S_0x562e2d0e47f0;
 .timescale 0 0;
P_0x562e2d0e6eb0 .param/l "zz" 1 2 11, +C4<0100>;
S_0x562e2d0e6f90 .scope generate, "genblk1" "genblk1" 2 12, 2 12 0, S_0x562e2d0e6c60;
 .timescale 0 0;
L_0x562e2d113220 .functor AND 64, L_0x562e2d112f10, L_0x562e2d112fb0, C4<1111111111111111111111111111111111111111111111111111111111111111>, C4<1111111111111111111111111111111111111111111111111111111111111111>;
v0x562e2d0e7170_0 .net *"_ivl_0", 63 0, L_0x562e2d112f10;  1 drivers
v0x562e2d0e7270_0 .net *"_ivl_1", 63 0, L_0x562e2d112fb0;  1 drivers
v0x562e2d0e7350_0 .net *"_ivl_2", 63 0, L_0x562e2d113220;  1 drivers
L_0x7f822e1367f8 .functor BUFT 1, C4<0000000000000000000000000000000000000000000000000000000000000000>, C4<0>, C4<0>, C4<0>;
v0x562e2d0e7410_0 .net/2u *"_ivl_4", 63 0, L_0x7f822e1367f8;  1 drivers
v0x562e2d0e74f0_0 .net *"_ivl_6", 0 0, L_0x562e2d113360;  1 drivers
L_0x562e2d113360 .cmp/ne 64, L_0x562e2d113220, L_0x7f822e1367f8;
S_0x562e2d0e7600 .scope generate, "layer_zz[5]" "layer_zz[5]" 2 11, 2 11 0, S_0x562e2d0e47f0;
 .timescale 0 0;
P_0x562e2d0e7800 .param/l "zz" 1 2 11, +C4<0101>;
S_0x562e2d0e78e0 .scope generate, "genblk1" "genblk1" 2 12, 2 12 0, S_0x562e2d0e7600;
 .timescale 0 0;
L_0x562e2d113790 .functor AND 64, L_0x562e2d1134a0, L_0x562e2d113540, C4<1111111111111111111111111111111111111111111111111111111111111111>, C4<1111111111111111111111111111111111111111111111111111111111111111>;
v0x562e2d0e7ac0_0 .net *"_ivl_0", 63 0, L_0x562e2d1134a0;  1 drivers
v0x562e2d0e7bc0_0 .net *"_ivl_1", 63 0, L_0x562e2d113540;  1 drivers
v0x562e2d0e7ca0_0 .net *"_ivl_2", 63 0, L_0x562e2d113790;  1 drivers
L_0x7f822e136840 .functor BUFT 1, C4<0000000000000000000000000000000000000000000000000000000000000000>, C4<0>, C4<0>, C4<0>;
v0x562e2d0e7d60_0 .net/2u *"_ivl_4", 63 0, L_0x7f822e136840;  1 drivers
v0x562e2d0e7e40_0 .net *"_ivl_6", 0 0, L_0x562e2d1138d0;  1 drivers
L_0x562e2d1138d0 .cmp/ne 64, L_0x562e2d113790, L_0x7f822e136840;
S_0x562e2d0e7f50 .scope generate, "layer_zz[6]" "layer_zz[6]" 2 11, 2 11 0, S_0x562e2d0e47f0;
 .timescale 0 0;
P_0x562e2d0e8150 .param/l "zz" 1 2 11, +C4<0110>;
S_0x562e2d0e8230 .scope generate, "genblk1" "genblk1" 2 12, 2 12 0, S_0x562e2d0e7f50;
 .timescale 0 0;
L_0x562e2d113d10 .functor AND 64, L_0x562e2d113a10, L_0x562e2d113ab0, C4<1111111111111111111111111111111111111111111111111111111111111111>, C4<1111111111111111111111111111111111111111111111111111111111111111>;
v0x562e2d0e8410_0 .net *"_ivl_0", 63 0, L_0x562e2d113a10;  1 drivers
v0x562e2d0e8510_0 .net *"_ivl_1", 63 0, L_0x562e2d113ab0;  1 drivers
v0x562e2d0e85f0_0 .net *"_ivl_2", 63 0, L_0x562e2d113d10;  1 drivers
L_0x7f822e136888 .functor BUFT 1, C4<0000000000000000000000000000000000000000000000000000000000000000>, C4<0>, C4<0>, C4<0>;
v0x562e2d0e86b0_0 .net/2u *"_ivl_4", 63 0, L_0x7f822e136888;  1 drivers
v0x562e2d0e8790_0 .net *"_ivl_6", 0 0, L_0x562e2d113e50;  1 drivers
L_0x562e2d113e50 .cmp/ne 64, L_0x562e2d113d10, L_0x7f822e136888;
S_0x562e2d0e88a0 .scope generate, "layer_zz[7]" "layer_zz[7]" 2 11, 2 11 0, S_0x562e2d0e47f0;
 .timescale 0 0;
P_0x562e2d0e8aa0 .param/l "zz" 1 2 11, +C4<0111>;
S_0x562e2d0e8b80 .scope generate, "genblk1" "genblk1" 2 12, 2 12 0, S_0x562e2d0e88a0;
 .timescale 0 0;
L_0x562e2d1142a0 .functor AND 64, L_0x562e2d113f90, L_0x562e2d114030, C4<1111111111111111111111111111111111111111111111111111111111111111>, C4<1111111111111111111111111111111111111111111111111111111111111111>;
v0x562e2d0e8d60_0 .net *"_ivl_0", 63 0, L_0x562e2d113f90;  1 drivers
v0x562e2d0e8e60_0 .net *"_ivl_1", 63 0, L_0x562e2d114030;  1 drivers
v0x562e2d0e8f40_0 .net *"_ivl_2", 63 0, L_0x562e2d1142a0;  1 drivers
L_0x7f822e1368d0 .functor BUFT 1, C4<0000000000000000000000000000000000000000000000000000000000000000>, C4<0>, C4<0>, C4<0>;
v0x562e2d0e9000_0 .net/2u *"_ivl_4", 63 0, L_0x7f822e1368d0;  1 drivers
v0x562e2d0e90e0_0 .net *"_ivl_6", 0 0, L_0x562e2d1143e0;  1 drivers
L_0x562e2d1143e0 .cmp/ne 64, L_0x562e2d1142a0, L_0x7f822e1368d0;
S_0x562e2d0e91f0 .scope generate, "layer_z[4]" "layer_z[4]" 2 10, 2 10 0, S_0x562e2d015470;
 .timescale 0 0;
P_0x562e2d0e9440 .param/l "z" 1 2 10, +C4<0100>;
S_0x562e2d0e9520 .scope generate, "layer_zz[0]" "layer_zz[0]" 2 11, 2 11 0, S_0x562e2d0e91f0;
 .timescale 0 0;
P_0x562e2d0e9720 .param/l "zz" 1 2 11, +C4<00>;
S_0x562e2d0e9800 .scope generate, "genblk1" "genblk1" 2 12, 2 12 0, S_0x562e2d0e9520;
 .timescale 0 0;
L_0x562e2d114840 .functor AND 64, L_0x562e2d114520, L_0x562e2d1145c0, C4<1111111111111111111111111111111111111111111111111111111111111111>, C4<1111111111111111111111111111111111111111111111111111111111111111>;
v0x562e2d0e99e0_0 .net *"_ivl_0", 63 0, L_0x562e2d114520;  1 drivers
v0x562e2d0e9ae0_0 .net *"_ivl_1", 63 0, L_0x562e2d1145c0;  1 drivers
v0x562e2d0e9bc0_0 .net *"_ivl_2", 63 0, L_0x562e2d114840;  1 drivers
L_0x7f822e136918 .functor BUFT 1, C4<0000000000000000000000000000000000000000000000000000000000000000>, C4<0>, C4<0>, C4<0>;
v0x562e2d0e9c80_0 .net/2u *"_ivl_4", 63 0, L_0x7f822e136918;  1 drivers
v0x562e2d0e9d60_0 .net *"_ivl_6", 0 0, L_0x562e2d114980;  1 drivers
L_0x562e2d114980 .cmp/ne 64, L_0x562e2d114840, L_0x7f822e136918;
S_0x562e2d0e9e70 .scope generate, "layer_zz[1]" "layer_zz[1]" 2 11, 2 11 0, S_0x562e2d0e91f0;
 .timescale 0 0;
P_0x562e2d0ea090 .param/l "zz" 1 2 11, +C4<01>;
S_0x562e2d0ea150 .scope generate, "genblk1" "genblk1" 2 12, 2 12 0, S_0x562e2d0e9e70;
 .timescale 0 0;
L_0x562e2d114df0 .functor AND 64, L_0x562e2d114ac0, L_0x562e2d114b60, C4<1111111111111111111111111111111111111111111111111111111111111111>, C4<1111111111111111111111111111111111111111111111111111111111111111>;
v0x562e2d0ea330_0 .net *"_ivl_0", 63 0, L_0x562e2d114ac0;  1 drivers
v0x562e2d0ea430_0 .net *"_ivl_1", 63 0, L_0x562e2d114b60;  1 drivers
v0x562e2d0ea510_0 .net *"_ivl_2", 63 0, L_0x562e2d114df0;  1 drivers
L_0x7f822e136960 .functor BUFT 1, C4<0000000000000000000000000000000000000000000000000000000000000000>, C4<0>, C4<0>, C4<0>;
v0x562e2d0ea5d0_0 .net/2u *"_ivl_4", 63 0, L_0x7f822e136960;  1 drivers
v0x562e2d0ea6b0_0 .net *"_ivl_6", 0 0, L_0x562e2d114f30;  1 drivers
L_0x562e2d114f30 .cmp/ne 64, L_0x562e2d114df0, L_0x7f822e136960;
S_0x562e2d0ea7c0 .scope generate, "layer_zz[2]" "layer_zz[2]" 2 11, 2 11 0, S_0x562e2d0e91f0;
 .timescale 0 0;
P_0x562e2d0ea9c0 .param/l "zz" 1 2 11, +C4<010>;
S_0x562e2d0eaa80 .scope generate, "genblk1" "genblk1" 2 12, 2 12 0, S_0x562e2d0ea7c0;
 .timescale 0 0;
L_0x562e2d1153b0 .functor AND 64, L_0x562e2d115070, L_0x562e2d115110, C4<1111111111111111111111111111111111111111111111111111111111111111>, C4<1111111111111111111111111111111111111111111111111111111111111111>;
v0x562e2d0eac60_0 .net *"_ivl_0", 63 0, L_0x562e2d115070;  1 drivers
v0x562e2d0ead60_0 .net *"_ivl_1", 63 0, L_0x562e2d115110;  1 drivers
v0x562e2d0eae40_0 .net *"_ivl_2", 63 0, L_0x562e2d1153b0;  1 drivers
L_0x7f822e1369a8 .functor BUFT 1, C4<0000000000000000000000000000000000000000000000000000000000000000>, C4<0>, C4<0>, C4<0>;
v0x562e2d0eaf00_0 .net/2u *"_ivl_4", 63 0, L_0x7f822e1369a8;  1 drivers
v0x562e2d0eafe0_0 .net *"_ivl_6", 0 0, L_0x562e2d1154f0;  1 drivers
L_0x562e2d1154f0 .cmp/ne 64, L_0x562e2d1153b0, L_0x7f822e1369a8;
S_0x562e2d0eb0f0 .scope generate, "layer_zz[3]" "layer_zz[3]" 2 11, 2 11 0, S_0x562e2d0e91f0;
 .timescale 0 0;
P_0x562e2d0eb2f0 .param/l "zz" 1 2 11, +C4<011>;
S_0x562e2d0eb3d0 .scope generate, "genblk1" "genblk1" 2 12, 2 12 0, S_0x562e2d0eb0f0;
 .timescale 0 0;
L_0x562e2d116190 .functor AND 64, L_0x562e2d115630, L_0x562e2d1156d0, C4<1111111111111111111111111111111111111111111111111111111111111111>, C4<1111111111111111111111111111111111111111111111111111111111111111>;
v0x562e2d0eb5b0_0 .net *"_ivl_0", 63 0, L_0x562e2d115630;  1 drivers
v0x562e2d0eb6b0_0 .net *"_ivl_1", 63 0, L_0x562e2d1156d0;  1 drivers
v0x562e2d0eb790_0 .net *"_ivl_2", 63 0, L_0x562e2d116190;  1 drivers
L_0x7f822e1369f0 .functor BUFT 1, C4<0000000000000000000000000000000000000000000000000000000000000000>, C4<0>, C4<0>, C4<0>;
v0x562e2d0eb850_0 .net/2u *"_ivl_4", 63 0, L_0x7f822e1369f0;  1 drivers
v0x562e2d0eb930_0 .net *"_ivl_6", 0 0, L_0x562e2d1162d0;  1 drivers
L_0x562e2d1162d0 .cmp/ne 64, L_0x562e2d116190, L_0x7f822e1369f0;
S_0x562e2d0eba40 .scope generate, "layer_zz[4]" "layer_zz[4]" 2 11, 2 11 0, S_0x562e2d0e91f0;
 .timescale 0 0;
P_0x562e2d0ebc90 .param/l "zz" 1 2 11, +C4<0100>;
S_0x562e2d0ebd70 .scope generate, "genblk1" "genblk1" 2 12, 2 12 0, S_0x562e2d0eba40;
 .timescale 0 0;
v0x562e2d0ebf50_0 .net/2s *"_ivl_0", 0 0, L_0x7f822e136a38;  1 drivers
S_0x562e2d0ec050 .scope generate, "layer_zz[5]" "layer_zz[5]" 2 11, 2 11 0, S_0x562e2d0e91f0;
 .timescale 0 0;
P_0x562e2d0ec250 .param/l "zz" 1 2 11, +C4<0101>;
S_0x562e2d0ec330 .scope generate, "genblk1" "genblk1" 2 12, 2 12 0, S_0x562e2d0ec050;
 .timescale 0 0;
L_0x562e2d1167a0 .functor AND 64, L_0x562e2d116410, L_0x562e2d1164b0, C4<1111111111111111111111111111111111111111111111111111111111111111>, C4<1111111111111111111111111111111111111111111111111111111111111111>;
v0x562e2d0ec510_0 .net *"_ivl_0", 63 0, L_0x562e2d116410;  1 drivers
v0x562e2d0ec610_0 .net *"_ivl_1", 63 0, L_0x562e2d1164b0;  1 drivers
v0x562e2d0ec6f0_0 .net *"_ivl_2", 63 0, L_0x562e2d1167a0;  1 drivers
L_0x7f822e136a80 .functor BUFT 1, C4<0000000000000000000000000000000000000000000000000000000000000000>, C4<0>, C4<0>, C4<0>;
v0x562e2d0ec7b0_0 .net/2u *"_ivl_4", 63 0, L_0x7f822e136a80;  1 drivers
v0x562e2d0ec890_0 .net *"_ivl_6", 0 0, L_0x562e2d1168e0;  1 drivers
L_0x562e2d1168e0 .cmp/ne 64, L_0x562e2d1167a0, L_0x7f822e136a80;
S_0x562e2d0ec9a0 .scope generate, "layer_zz[6]" "layer_zz[6]" 2 11, 2 11 0, S_0x562e2d0e91f0;
 .timescale 0 0;
P_0x562e2d0ecba0 .param/l "zz" 1 2 11, +C4<0110>;
S_0x562e2d0ecc80 .scope generate, "genblk1" "genblk1" 2 12, 2 12 0, S_0x562e2d0ec9a0;
 .timescale 0 0;
L_0x562e2d116d90 .functor AND 64, L_0x562e2d116a20, L_0x562e2d116ac0, C4<1111111111111111111111111111111111111111111111111111111111111111>, C4<1111111111111111111111111111111111111111111111111111111111111111>;
v0x562e2d0ece60_0 .net *"_ivl_0", 63 0, L_0x562e2d116a20;  1 drivers
v0x562e2d0ecf60_0 .net *"_ivl_1", 63 0, L_0x562e2d116ac0;  1 drivers
v0x562e2d0ed040_0 .net *"_ivl_2", 63 0, L_0x562e2d116d90;  1 drivers
L_0x7f822e136ac8 .functor BUFT 1, C4<0000000000000000000000000000000000000000000000000000000000000000>, C4<0>, C4<0>, C4<0>;
v0x562e2d0ed100_0 .net/2u *"_ivl_4", 63 0, L_0x7f822e136ac8;  1 drivers
v0x562e2d0ed1e0_0 .net *"_ivl_6", 0 0, L_0x562e2d116ed0;  1 drivers
L_0x562e2d116ed0 .cmp/ne 64, L_0x562e2d116d90, L_0x7f822e136ac8;
S_0x562e2d0ed2f0 .scope generate, "layer_zz[7]" "layer_zz[7]" 2 11, 2 11 0, S_0x562e2d0e91f0;
 .timescale 0 0;
P_0x562e2d0ed4f0 .param/l "zz" 1 2 11, +C4<0111>;
S_0x562e2d0ed5d0 .scope generate, "genblk1" "genblk1" 2 12, 2 12 0, S_0x562e2d0ed2f0;
 .timescale 0 0;
L_0x562e2d117390 .functor AND 64, L_0x562e2d117010, L_0x562e2d1170b0, C4<1111111111111111111111111111111111111111111111111111111111111111>, C4<1111111111111111111111111111111111111111111111111111111111111111>;
v0x562e2d0ed7b0_0 .net *"_ivl_0", 63 0, L_0x562e2d117010;  1 drivers
v0x562e2d0ed8b0_0 .net *"_ivl_1", 63 0, L_0x562e2d1170b0;  1 drivers
v0x562e2d0ed990_0 .net *"_ivl_2", 63 0, L_0x562e2d117390;  1 drivers
L_0x7f822e136b10 .functor BUFT 1, C4<0000000000000000000000000000000000000000000000000000000000000000>, C4<0>, C4<0>, C4<0>;
v0x562e2d0eda50_0 .net/2u *"_ivl_4", 63 0, L_0x7f822e136b10;  1 drivers
v0x562e2d0edb30_0 .net *"_ivl_6", 0 0, L_0x562e2d1174d0;  1 drivers
L_0x562e2d1174d0 .cmp/ne 64, L_0x562e2d117390, L_0x7f822e136b10;
S_0x562e2d0edc40 .scope generate, "layer_z[5]" "layer_z[5]" 2 10, 2 10 0, S_0x562e2d015470;
 .timescale 0 0;
P_0x562e2d0ede40 .param/l "z" 1 2 10, +C4<0101>;
S_0x562e2d0edf20 .scope generate, "layer_zz[0]" "layer_zz[0]" 2 11, 2 11 0, S_0x562e2d0edc40;
 .timescale 0 0;
P_0x562e2d0ee120 .param/l "zz" 1 2 11, +C4<00>;
S_0x562e2d0ee200 .scope generate, "genblk1" "genblk1" 2 12, 2 12 0, S_0x562e2d0edf20;
 .timescale 0 0;
L_0x562e2d1179a0 .functor AND 64, L_0x562e2d117610, L_0x562e2d1176b0, C4<1111111111111111111111111111111111111111111111111111111111111111>, C4<1111111111111111111111111111111111111111111111111111111111111111>;
v0x562e2d0ee3e0_0 .net *"_ivl_0", 63 0, L_0x562e2d117610;  1 drivers
v0x562e2d0ee4e0_0 .net *"_ivl_1", 63 0, L_0x562e2d1176b0;  1 drivers
v0x562e2d0ee5c0_0 .net *"_ivl_2", 63 0, L_0x562e2d1179a0;  1 drivers
L_0x7f822e136b58 .functor BUFT 1, C4<0000000000000000000000000000000000000000000000000000000000000000>, C4<0>, C4<0>, C4<0>;
v0x562e2d0ee680_0 .net/2u *"_ivl_4", 63 0, L_0x7f822e136b58;  1 drivers
v0x562e2d0ee760_0 .net *"_ivl_6", 0 0, L_0x562e2d117ae0;  1 drivers
L_0x562e2d117ae0 .cmp/ne 64, L_0x562e2d1179a0, L_0x7f822e136b58;
S_0x562e2d0ee870 .scope generate, "layer_zz[1]" "layer_zz[1]" 2 11, 2 11 0, S_0x562e2d0edc40;
 .timescale 0 0;
P_0x562e2d0eea90 .param/l "zz" 1 2 11, +C4<01>;
S_0x562e2d0eeb50 .scope generate, "genblk1" "genblk1" 2 12, 2 12 0, S_0x562e2d0ee870;
 .timescale 0 0;
L_0x562e2d117fc0 .functor AND 64, L_0x562e2d117c20, L_0x562e2d117cc0, C4<1111111111111111111111111111111111111111111111111111111111111111>, C4<1111111111111111111111111111111111111111111111111111111111111111>;
v0x562e2d0eed30_0 .net *"_ivl_0", 63 0, L_0x562e2d117c20;  1 drivers
v0x562e2d0eee30_0 .net *"_ivl_1", 63 0, L_0x562e2d117cc0;  1 drivers
v0x562e2d0eef10_0 .net *"_ivl_2", 63 0, L_0x562e2d117fc0;  1 drivers
L_0x7f822e136ba0 .functor BUFT 1, C4<0000000000000000000000000000000000000000000000000000000000000000>, C4<0>, C4<0>, C4<0>;
v0x562e2d0eefd0_0 .net/2u *"_ivl_4", 63 0, L_0x7f822e136ba0;  1 drivers
v0x562e2d0ef0b0_0 .net *"_ivl_6", 0 0, L_0x562e2d118100;  1 drivers
L_0x562e2d118100 .cmp/ne 64, L_0x562e2d117fc0, L_0x7f822e136ba0;
S_0x562e2d0ef1c0 .scope generate, "layer_zz[2]" "layer_zz[2]" 2 11, 2 11 0, S_0x562e2d0edc40;
 .timescale 0 0;
P_0x562e2d0ef3c0 .param/l "zz" 1 2 11, +C4<010>;
S_0x562e2d0ef480 .scope generate, "genblk1" "genblk1" 2 12, 2 12 0, S_0x562e2d0ef1c0;
 .timescale 0 0;
L_0x562e2d1185f0 .functor AND 64, L_0x562e2d118240, L_0x562e2d1182e0, C4<1111111111111111111111111111111111111111111111111111111111111111>, C4<1111111111111111111111111111111111111111111111111111111111111111>;
v0x562e2d0ef660_0 .net *"_ivl_0", 63 0, L_0x562e2d118240;  1 drivers
v0x562e2d0ef760_0 .net *"_ivl_1", 63 0, L_0x562e2d1182e0;  1 drivers
v0x562e2d0ef840_0 .net *"_ivl_2", 63 0, L_0x562e2d1185f0;  1 drivers
L_0x7f822e136be8 .functor BUFT 1, C4<0000000000000000000000000000000000000000000000000000000000000000>, C4<0>, C4<0>, C4<0>;
v0x562e2d0ef900_0 .net/2u *"_ivl_4", 63 0, L_0x7f822e136be8;  1 drivers
v0x562e2d0ef9e0_0 .net *"_ivl_6", 0 0, L_0x562e2d118730;  1 drivers
L_0x562e2d118730 .cmp/ne 64, L_0x562e2d1185f0, L_0x7f822e136be8;
S_0x562e2d0efaf0 .scope generate, "layer_zz[3]" "layer_zz[3]" 2 11, 2 11 0, S_0x562e2d0edc40;
 .timescale 0 0;
P_0x562e2d0efcf0 .param/l "zz" 1 2 11, +C4<011>;
S_0x562e2d0efdd0 .scope generate, "genblk1" "genblk1" 2 12, 2 12 0, S_0x562e2d0efaf0;
 .timescale 0 0;
L_0x562e2d118c30 .functor AND 64, L_0x562e2d118870, L_0x562e2d118910, C4<1111111111111111111111111111111111111111111111111111111111111111>, C4<1111111111111111111111111111111111111111111111111111111111111111>;
v0x562e2d0effb0_0 .net *"_ivl_0", 63 0, L_0x562e2d118870;  1 drivers
v0x562e2d0f00b0_0 .net *"_ivl_1", 63 0, L_0x562e2d118910;  1 drivers
v0x562e2d0f0190_0 .net *"_ivl_2", 63 0, L_0x562e2d118c30;  1 drivers
L_0x7f822e136c30 .functor BUFT 1, C4<0000000000000000000000000000000000000000000000000000000000000000>, C4<0>, C4<0>, C4<0>;
v0x562e2d0f0250_0 .net/2u *"_ivl_4", 63 0, L_0x7f822e136c30;  1 drivers
v0x562e2d0f0330_0 .net *"_ivl_6", 0 0, L_0x562e2d118d70;  1 drivers
L_0x562e2d118d70 .cmp/ne 64, L_0x562e2d118c30, L_0x7f822e136c30;
S_0x562e2d0f0440 .scope generate, "layer_zz[4]" "layer_zz[4]" 2 11, 2 11 0, S_0x562e2d0edc40;
 .timescale 0 0;
P_0x562e2d0f0690 .param/l "zz" 1 2 11, +C4<0100>;
S_0x562e2d0f0770 .scope generate, "genblk1" "genblk1" 2 12, 2 12 0, S_0x562e2d0f0440;
 .timescale 0 0;
L_0x562e2d119280 .functor AND 64, L_0x562e2d118eb0, L_0x562e2d118f50, C4<1111111111111111111111111111111111111111111111111111111111111111>, C4<1111111111111111111111111111111111111111111111111111111111111111>;
v0x562e2d0f0950_0 .net *"_ivl_0", 63 0, L_0x562e2d118eb0;  1 drivers
v0x562e2d0f0a50_0 .net *"_ivl_1", 63 0, L_0x562e2d118f50;  1 drivers
v0x562e2d0f0b30_0 .net *"_ivl_2", 63 0, L_0x562e2d119280;  1 drivers
L_0x7f822e136c78 .functor BUFT 1, C4<0000000000000000000000000000000000000000000000000000000000000000>, C4<0>, C4<0>, C4<0>;
v0x562e2d0f0bf0_0 .net/2u *"_ivl_4", 63 0, L_0x7f822e136c78;  1 drivers
v0x562e2d0f0cd0_0 .net *"_ivl_6", 0 0, L_0x562e2d1193c0;  1 drivers
L_0x562e2d1193c0 .cmp/ne 64, L_0x562e2d119280, L_0x7f822e136c78;
S_0x562e2d0f0de0 .scope generate, "layer_zz[5]" "layer_zz[5]" 2 11, 2 11 0, S_0x562e2d0edc40;
 .timescale 0 0;
P_0x562e2d0f0fe0 .param/l "zz" 1 2 11, +C4<0101>;
S_0x562e2d0f10c0 .scope generate, "genblk1" "genblk1" 2 12, 2 12 0, S_0x562e2d0f0de0;
 .timescale 0 0;
v0x562e2d0f12a0_0 .net/2s *"_ivl_0", 0 0, L_0x7f822e136cc0;  1 drivers
S_0x562e2d0f13a0 .scope generate, "layer_zz[6]" "layer_zz[6]" 2 11, 2 11 0, S_0x562e2d0edc40;
 .timescale 0 0;
P_0x562e2d0f15a0 .param/l "zz" 1 2 11, +C4<0110>;
S_0x562e2d0f1680 .scope generate, "genblk1" "genblk1" 2 12, 2 12 0, S_0x562e2d0f13a0;
 .timescale 0 0;
L_0x562e2d119910 .functor AND 64, L_0x562e2d119500, L_0x562e2d1195a0, C4<1111111111111111111111111111111111111111111111111111111111111111>, C4<1111111111111111111111111111111111111111111111111111111111111111>;
v0x562e2d0f1860_0 .net *"_ivl_0", 63 0, L_0x562e2d119500;  1 drivers
v0x562e2d0f1960_0 .net *"_ivl_1", 63 0, L_0x562e2d1195a0;  1 drivers
v0x562e2d0f1a40_0 .net *"_ivl_2", 63 0, L_0x562e2d119910;  1 drivers
L_0x7f822e136d08 .functor BUFT 1, C4<0000000000000000000000000000000000000000000000000000000000000000>, C4<0>, C4<0>, C4<0>;
v0x562e2d0f1b00_0 .net/2u *"_ivl_4", 63 0, L_0x7f822e136d08;  1 drivers
v0x562e2d0f1be0_0 .net *"_ivl_6", 0 0, L_0x562e2d119a50;  1 drivers
L_0x562e2d119a50 .cmp/ne 64, L_0x562e2d119910, L_0x7f822e136d08;
S_0x562e2d0f1cf0 .scope generate, "layer_zz[7]" "layer_zz[7]" 2 11, 2 11 0, S_0x562e2d0edc40;
 .timescale 0 0;
P_0x562e2d0f1ef0 .param/l "zz" 1 2 11, +C4<0111>;
S_0x562e2d0f1fd0 .scope generate, "genblk1" "genblk1" 2 12, 2 12 0, S_0x562e2d0f1cf0;
 .timescale 0 0;
L_0x562e2d119f80 .functor AND 64, L_0x562e2d119b90, L_0x562e2d119c30, C4<1111111111111111111111111111111111111111111111111111111111111111>, C4<1111111111111111111111111111111111111111111111111111111111111111>;
v0x562e2d0f21b0_0 .net *"_ivl_0", 63 0, L_0x562e2d119b90;  1 drivers
v0x562e2d0f22b0_0 .net *"_ivl_1", 63 0, L_0x562e2d119c30;  1 drivers
v0x562e2d0f2390_0 .net *"_ivl_2", 63 0, L_0x562e2d119f80;  1 drivers
L_0x7f822e136d50 .functor BUFT 1, C4<0000000000000000000000000000000000000000000000000000000000000000>, C4<0>, C4<0>, C4<0>;
v0x562e2d0f2450_0 .net/2u *"_ivl_4", 63 0, L_0x7f822e136d50;  1 drivers
v0x562e2d0f2530_0 .net *"_ivl_6", 0 0, L_0x562e2d11a0c0;  1 drivers
L_0x562e2d11a0c0 .cmp/ne 64, L_0x562e2d119f80, L_0x7f822e136d50;
S_0x562e2d0f2640 .scope generate, "layer_z[6]" "layer_z[6]" 2 10, 2 10 0, S_0x562e2d015470;
 .timescale 0 0;
P_0x562e2d0f2840 .param/l "z" 1 2 10, +C4<0110>;
S_0x562e2d0f2920 .scope generate, "layer_zz[0]" "layer_zz[0]" 2 11, 2 11 0, S_0x562e2d0f2640;
 .timescale 0 0;
P_0x562e2d0f2b20 .param/l "zz" 1 2 11, +C4<00>;
S_0x562e2d0f2c00 .scope generate, "genblk1" "genblk1" 2 12, 2 12 0, S_0x562e2d0f2920;
 .timescale 0 0;
L_0x562e2d11a600 .functor AND 64, L_0x562e2d11a200, L_0x562e2d11a2a0, C4<1111111111111111111111111111111111111111111111111111111111111111>, C4<1111111111111111111111111111111111111111111111111111111111111111>;
v0x562e2d0f2de0_0 .net *"_ivl_0", 63 0, L_0x562e2d11a200;  1 drivers
v0x562e2d0f2ee0_0 .net *"_ivl_1", 63 0, L_0x562e2d11a2a0;  1 drivers
v0x562e2d0f2fc0_0 .net *"_ivl_2", 63 0, L_0x562e2d11a600;  1 drivers
L_0x7f822e136d98 .functor BUFT 1, C4<0000000000000000000000000000000000000000000000000000000000000000>, C4<0>, C4<0>, C4<0>;
v0x562e2d0f3080_0 .net/2u *"_ivl_4", 63 0, L_0x7f822e136d98;  1 drivers
v0x562e2d0f3160_0 .net *"_ivl_6", 0 0, L_0x562e2d11a740;  1 drivers
L_0x562e2d11a740 .cmp/ne 64, L_0x562e2d11a600, L_0x7f822e136d98;
S_0x562e2d0f3270 .scope generate, "layer_zz[1]" "layer_zz[1]" 2 11, 2 11 0, S_0x562e2d0f2640;
 .timescale 0 0;
P_0x562e2d0f3490 .param/l "zz" 1 2 11, +C4<01>;
S_0x562e2d0f3550 .scope generate, "genblk1" "genblk1" 2 12, 2 12 0, S_0x562e2d0f3270;
 .timescale 0 0;
L_0x562e2d11ac90 .functor AND 64, L_0x562e2d11a880, L_0x562e2d11a920, C4<1111111111111111111111111111111111111111111111111111111111111111>, C4<1111111111111111111111111111111111111111111111111111111111111111>;
v0x562e2d0f3730_0 .net *"_ivl_0", 63 0, L_0x562e2d11a880;  1 drivers
v0x562e2d0f3830_0 .net *"_ivl_1", 63 0, L_0x562e2d11a920;  1 drivers
v0x562e2d0f3910_0 .net *"_ivl_2", 63 0, L_0x562e2d11ac90;  1 drivers
L_0x7f822e136de0 .functor BUFT 1, C4<0000000000000000000000000000000000000000000000000000000000000000>, C4<0>, C4<0>, C4<0>;
v0x562e2d0f39d0_0 .net/2u *"_ivl_4", 63 0, L_0x7f822e136de0;  1 drivers
v0x562e2d0f3ab0_0 .net *"_ivl_6", 0 0, L_0x562e2d11add0;  1 drivers
L_0x562e2d11add0 .cmp/ne 64, L_0x562e2d11ac90, L_0x7f822e136de0;
S_0x562e2d0f3bc0 .scope generate, "layer_zz[2]" "layer_zz[2]" 2 11, 2 11 0, S_0x562e2d0f2640;
 .timescale 0 0;
P_0x562e2d0f3dc0 .param/l "zz" 1 2 11, +C4<010>;
S_0x562e2d0f3e80 .scope generate, "genblk1" "genblk1" 2 12, 2 12 0, S_0x562e2d0f3bc0;
 .timescale 0 0;
L_0x562e2d11b330 .functor AND 64, L_0x562e2d11af10, L_0x562e2d11afb0, C4<1111111111111111111111111111111111111111111111111111111111111111>, C4<1111111111111111111111111111111111111111111111111111111111111111>;
v0x562e2d0f4060_0 .net *"_ivl_0", 63 0, L_0x562e2d11af10;  1 drivers
v0x562e2d0f4160_0 .net *"_ivl_1", 63 0, L_0x562e2d11afb0;  1 drivers
v0x562e2d0f4240_0 .net *"_ivl_2", 63 0, L_0x562e2d11b330;  1 drivers
L_0x7f822e136e28 .functor BUFT 1, C4<0000000000000000000000000000000000000000000000000000000000000000>, C4<0>, C4<0>, C4<0>;
v0x562e2d0f4300_0 .net/2u *"_ivl_4", 63 0, L_0x7f822e136e28;  1 drivers
v0x562e2d0f43e0_0 .net *"_ivl_6", 0 0, L_0x562e2d11b470;  1 drivers
L_0x562e2d11b470 .cmp/ne 64, L_0x562e2d11b330, L_0x7f822e136e28;
S_0x562e2d0f44f0 .scope generate, "layer_zz[3]" "layer_zz[3]" 2 11, 2 11 0, S_0x562e2d0f2640;
 .timescale 0 0;
P_0x562e2d0f46f0 .param/l "zz" 1 2 11, +C4<011>;
S_0x562e2d0f47d0 .scope generate, "genblk1" "genblk1" 2 12, 2 12 0, S_0x562e2d0f44f0;
 .timescale 0 0;
L_0x562e2d11b9e0 .functor AND 64, L_0x562e2d11b5b0, L_0x562e2d11b650, C4<1111111111111111111111111111111111111111111111111111111111111111>, C4<1111111111111111111111111111111111111111111111111111111111111111>;
v0x562e2d0f49b0_0 .net *"_ivl_0", 63 0, L_0x562e2d11b5b0;  1 drivers
v0x562e2d0f4ab0_0 .net *"_ivl_1", 63 0, L_0x562e2d11b650;  1 drivers
v0x562e2d0f4b90_0 .net *"_ivl_2", 63 0, L_0x562e2d11b9e0;  1 drivers
L_0x7f822e136e70 .functor BUFT 1, C4<0000000000000000000000000000000000000000000000000000000000000000>, C4<0>, C4<0>, C4<0>;
v0x562e2d0f4c50_0 .net/2u *"_ivl_4", 63 0, L_0x7f822e136e70;  1 drivers
v0x562e2d0f4d30_0 .net *"_ivl_6", 0 0, L_0x562e2d11bb20;  1 drivers
L_0x562e2d11bb20 .cmp/ne 64, L_0x562e2d11b9e0, L_0x7f822e136e70;
S_0x562e2d0f4e40 .scope generate, "layer_zz[4]" "layer_zz[4]" 2 11, 2 11 0, S_0x562e2d0f2640;
 .timescale 0 0;
P_0x562e2d0f5090 .param/l "zz" 1 2 11, +C4<0100>;
S_0x562e2d0f5170 .scope generate, "genblk1" "genblk1" 2 12, 2 12 0, S_0x562e2d0f4e40;
 .timescale 0 0;
L_0x562e2d11c0a0 .functor AND 64, L_0x562e2d11bc60, L_0x562e2d11bd00, C4<1111111111111111111111111111111111111111111111111111111111111111>, C4<1111111111111111111111111111111111111111111111111111111111111111>;
v0x562e2d0f5350_0 .net *"_ivl_0", 63 0, L_0x562e2d11bc60;  1 drivers
v0x562e2d0f5450_0 .net *"_ivl_1", 63 0, L_0x562e2d11bd00;  1 drivers
v0x562e2d0f5530_0 .net *"_ivl_2", 63 0, L_0x562e2d11c0a0;  1 drivers
L_0x7f822e136eb8 .functor BUFT 1, C4<0000000000000000000000000000000000000000000000000000000000000000>, C4<0>, C4<0>, C4<0>;
v0x562e2d0f55f0_0 .net/2u *"_ivl_4", 63 0, L_0x7f822e136eb8;  1 drivers
v0x562e2d0f56d0_0 .net *"_ivl_6", 0 0, L_0x562e2d11c1e0;  1 drivers
L_0x562e2d11c1e0 .cmp/ne 64, L_0x562e2d11c0a0, L_0x7f822e136eb8;
S_0x562e2d0f57e0 .scope generate, "layer_zz[5]" "layer_zz[5]" 2 11, 2 11 0, S_0x562e2d0f2640;
 .timescale 0 0;
P_0x562e2d0f59e0 .param/l "zz" 1 2 11, +C4<0101>;
S_0x562e2d0f5ac0 .scope generate, "genblk1" "genblk1" 2 12, 2 12 0, S_0x562e2d0f57e0;
 .timescale 0 0;
L_0x562e2d11c770 .functor AND 64, L_0x562e2d11c320, L_0x562e2d11c3c0, C4<1111111111111111111111111111111111111111111111111111111111111111>, C4<1111111111111111111111111111111111111111111111111111111111111111>;
v0x562e2d0f5ca0_0 .net *"_ivl_0", 63 0, L_0x562e2d11c320;  1 drivers
v0x562e2d0f5da0_0 .net *"_ivl_1", 63 0, L_0x562e2d11c3c0;  1 drivers
v0x562e2d0f5e80_0 .net *"_ivl_2", 63 0, L_0x562e2d11c770;  1 drivers
L_0x7f822e136f00 .functor BUFT 1, C4<0000000000000000000000000000000000000000000000000000000000000000>, C4<0>, C4<0>, C4<0>;
v0x562e2d0f5f40_0 .net/2u *"_ivl_4", 63 0, L_0x7f822e136f00;  1 drivers
v0x562e2d0f6020_0 .net *"_ivl_6", 0 0, L_0x562e2d11c8b0;  1 drivers
L_0x562e2d11c8b0 .cmp/ne 64, L_0x562e2d11c770, L_0x7f822e136f00;
S_0x562e2d0f6130 .scope generate, "layer_zz[6]" "layer_zz[6]" 2 11, 2 11 0, S_0x562e2d0f2640;
 .timescale 0 0;
P_0x562e2d0f6330 .param/l "zz" 1 2 11, +C4<0110>;
S_0x562e2d0f6410 .scope generate, "genblk1" "genblk1" 2 12, 2 12 0, S_0x562e2d0f6130;
 .timescale 0 0;
v0x562e2d0f65f0_0 .net/2s *"_ivl_0", 0 0, L_0x7f822e136f48;  1 drivers
S_0x562e2d0f66f0 .scope generate, "layer_zz[7]" "layer_zz[7]" 2 11, 2 11 0, S_0x562e2d0f2640;
 .timescale 0 0;
P_0x562e2d0f68f0 .param/l "zz" 1 2 11, +C4<0111>;
S_0x562e2d0f69d0 .scope generate, "genblk1" "genblk1" 2 12, 2 12 0, S_0x562e2d0f66f0;
 .timescale 0 0;
L_0x562e2d11ce80 .functor AND 64, L_0x562e2d11c9f0, L_0x562e2d11ca90, C4<1111111111111111111111111111111111111111111111111111111111111111>, C4<1111111111111111111111111111111111111111111111111111111111111111>;
v0x562e2d0f6bb0_0 .net *"_ivl_0", 63 0, L_0x562e2d11c9f0;  1 drivers
v0x562e2d0f6cb0_0 .net *"_ivl_1", 63 0, L_0x562e2d11ca90;  1 drivers
v0x562e2d0f6d90_0 .net *"_ivl_2", 63 0, L_0x562e2d11ce80;  1 drivers
L_0x7f822e136f90 .functor BUFT 1, C4<0000000000000000000000000000000000000000000000000000000000000000>, C4<0>, C4<0>, C4<0>;
v0x562e2d0f6e50_0 .net/2u *"_ivl_4", 63 0, L_0x7f822e136f90;  1 drivers
v0x562e2d0f6f30_0 .net *"_ivl_6", 0 0, L_0x562e2d11cfc0;  1 drivers
L_0x562e2d11cfc0 .cmp/ne 64, L_0x562e2d11ce80, L_0x7f822e136f90;
S_0x562e2d0f7040 .scope generate, "layer_z[7]" "layer_z[7]" 2 10, 2 10 0, S_0x562e2d015470;
 .timescale 0 0;
P_0x562e2d0f7240 .param/l "z" 1 2 10, +C4<0111>;
S_0x562e2d0f7320 .scope generate, "layer_zz[0]" "layer_zz[0]" 2 11, 2 11 0, S_0x562e2d0f7040;
 .timescale 0 0;
P_0x562e2d0f7520 .param/l "zz" 1 2 11, +C4<00>;
S_0x562e2d0f7600 .scope generate, "genblk1" "genblk1" 2 12, 2 12 0, S_0x562e2d0f7320;
 .timescale 0 0;
L_0x562e2d11d570 .functor AND 64, L_0x562e2d11d100, L_0x562e2d11d1a0, C4<1111111111111111111111111111111111111111111111111111111111111111>, C4<1111111111111111111111111111111111111111111111111111111111111111>;
v0x562e2d0f77e0_0 .net *"_ivl_0", 63 0, L_0x562e2d11d100;  1 drivers
v0x562e2d0f78e0_0 .net *"_ivl_1", 63 0, L_0x562e2d11d1a0;  1 drivers
v0x562e2d0f79c0_0 .net *"_ivl_2", 63 0, L_0x562e2d11d570;  1 drivers
L_0x7f822e136fd8 .functor BUFT 1, C4<0000000000000000000000000000000000000000000000000000000000000000>, C4<0>, C4<0>, C4<0>;
v0x562e2d0f7a80_0 .net/2u *"_ivl_4", 63 0, L_0x7f822e136fd8;  1 drivers
v0x562e2d0f7b60_0 .net *"_ivl_6", 0 0, L_0x562e2d11d6b0;  1 drivers
L_0x562e2d11d6b0 .cmp/ne 64, L_0x562e2d11d570, L_0x7f822e136fd8;
S_0x562e2d0f7c70 .scope generate, "layer_zz[1]" "layer_zz[1]" 2 11, 2 11 0, S_0x562e2d0f7040;
 .timescale 0 0;
P_0x562e2d0f7e90 .param/l "zz" 1 2 11, +C4<01>;
S_0x562e2d0f7f50 .scope generate, "genblk1" "genblk1" 2 12, 2 12 0, S_0x562e2d0f7c70;
 .timescale 0 0;
L_0x562e2d11dc70 .functor AND 64, L_0x562e2d11d7f0, L_0x562e2d11d890, C4<1111111111111111111111111111111111111111111111111111111111111111>, C4<1111111111111111111111111111111111111111111111111111111111111111>;
v0x562e2d0f8130_0 .net *"_ivl_0", 63 0, L_0x562e2d11d7f0;  1 drivers
v0x562e2d0f8230_0 .net *"_ivl_1", 63 0, L_0x562e2d11d890;  1 drivers
v0x562e2d0f8310_0 .net *"_ivl_2", 63 0, L_0x562e2d11dc70;  1 drivers
L_0x7f822e137020 .functor BUFT 1, C4<0000000000000000000000000000000000000000000000000000000000000000>, C4<0>, C4<0>, C4<0>;
v0x562e2d0f83d0_0 .net/2u *"_ivl_4", 63 0, L_0x7f822e137020;  1 drivers
v0x562e2d0f84b0_0 .net *"_ivl_6", 0 0, L_0x562e2d11ddb0;  1 drivers
L_0x562e2d11ddb0 .cmp/ne 64, L_0x562e2d11dc70, L_0x7f822e137020;
S_0x562e2d0f85c0 .scope generate, "layer_zz[2]" "layer_zz[2]" 2 11, 2 11 0, S_0x562e2d0f7040;
 .timescale 0 0;
P_0x562e2d0f87c0 .param/l "zz" 1 2 11, +C4<010>;
S_0x562e2d0f8880 .scope generate, "genblk1" "genblk1" 2 12, 2 12 0, S_0x562e2d0f85c0;
 .timescale 0 0;
L_0x562e2d11e380 .functor AND 64, L_0x562e2d11def0, L_0x562e2d11df90, C4<1111111111111111111111111111111111111111111111111111111111111111>, C4<1111111111111111111111111111111111111111111111111111111111111111>;
v0x562e2d0f8a60_0 .net *"_ivl_0", 63 0, L_0x562e2d11def0;  1 drivers
v0x562e2d0f8b60_0 .net *"_ivl_1", 63 0, L_0x562e2d11df90;  1 drivers
v0x562e2d0f8c40_0 .net *"_ivl_2", 63 0, L_0x562e2d11e380;  1 drivers
L_0x7f822e137068 .functor BUFT 1, C4<0000000000000000000000000000000000000000000000000000000000000000>, C4<0>, C4<0>, C4<0>;
v0x562e2d0f8d00_0 .net/2u *"_ivl_4", 63 0, L_0x7f822e137068;  1 drivers
v0x562e2d0f8de0_0 .net *"_ivl_6", 0 0, L_0x562e2d11e4c0;  1 drivers
L_0x562e2d11e4c0 .cmp/ne 64, L_0x562e2d11e380, L_0x7f822e137068;
S_0x562e2d0f8ef0 .scope generate, "layer_zz[3]" "layer_zz[3]" 2 11, 2 11 0, S_0x562e2d0f7040;
 .timescale 0 0;
P_0x562e2d0f90f0 .param/l "zz" 1 2 11, +C4<011>;
S_0x562e2d0f91d0 .scope generate, "genblk1" "genblk1" 2 12, 2 12 0, S_0x562e2d0f8ef0;
 .timescale 0 0;
L_0x562e2d11eaa0 .functor AND 64, L_0x562e2d11e600, L_0x562e2d11e6a0, C4<1111111111111111111111111111111111111111111111111111111111111111>, C4<1111111111111111111111111111111111111111111111111111111111111111>;
v0x562e2d0f93b0_0 .net *"_ivl_0", 63 0, L_0x562e2d11e600;  1 drivers
v0x562e2d0f94b0_0 .net *"_ivl_1", 63 0, L_0x562e2d11e6a0;  1 drivers
v0x562e2d0f9590_0 .net *"_ivl_2", 63 0, L_0x562e2d11eaa0;  1 drivers
L_0x7f822e1370b0 .functor BUFT 1, C4<0000000000000000000000000000000000000000000000000000000000000000>, C4<0>, C4<0>, C4<0>;
v0x562e2d0f9650_0 .net/2u *"_ivl_4", 63 0, L_0x7f822e1370b0;  1 drivers
v0x562e2d0f9730_0 .net *"_ivl_6", 0 0, L_0x562e2d11ebe0;  1 drivers
L_0x562e2d11ebe0 .cmp/ne 64, L_0x562e2d11eaa0, L_0x7f822e1370b0;
S_0x562e2d0f9840 .scope generate, "layer_zz[4]" "layer_zz[4]" 2 11, 2 11 0, S_0x562e2d0f7040;
 .timescale 0 0;
P_0x562e2d0f9a90 .param/l "zz" 1 2 11, +C4<0100>;
S_0x562e2d0f9b70 .scope generate, "genblk1" "genblk1" 2 12, 2 12 0, S_0x562e2d0f9840;
 .timescale 0 0;
L_0x562e2d11f1d0 .functor AND 64, L_0x562e2d11ed20, L_0x562e2d11edc0, C4<1111111111111111111111111111111111111111111111111111111111111111>, C4<1111111111111111111111111111111111111111111111111111111111111111>;
v0x562e2d0f9d50_0 .net *"_ivl_0", 63 0, L_0x562e2d11ed20;  1 drivers
v0x562e2d0f9e50_0 .net *"_ivl_1", 63 0, L_0x562e2d11edc0;  1 drivers
v0x562e2d0f9f30_0 .net *"_ivl_2", 63 0, L_0x562e2d11f1d0;  1 drivers
L_0x7f822e1370f8 .functor BUFT 1, C4<0000000000000000000000000000000000000000000000000000000000000000>, C4<0>, C4<0>, C4<0>;
v0x562e2d0f9ff0_0 .net/2u *"_ivl_4", 63 0, L_0x7f822e1370f8;  1 drivers
v0x562e2d0fa0d0_0 .net *"_ivl_6", 0 0, L_0x562e2d11f310;  1 drivers
L_0x562e2d11f310 .cmp/ne 64, L_0x562e2d11f1d0, L_0x7f822e1370f8;
S_0x562e2d0fa1e0 .scope generate, "layer_zz[5]" "layer_zz[5]" 2 11, 2 11 0, S_0x562e2d0f7040;
 .timescale 0 0;
P_0x562e2d0fa3e0 .param/l "zz" 1 2 11, +C4<0101>;
S_0x562e2d0fa4c0 .scope generate, "genblk1" "genblk1" 2 12, 2 12 0, S_0x562e2d0fa1e0;
 .timescale 0 0;
L_0x562e2d11f910 .functor AND 64, L_0x562e2d11f450, L_0x562e2d11f4f0, C4<1111111111111111111111111111111111111111111111111111111111111111>, C4<1111111111111111111111111111111111111111111111111111111111111111>;
v0x562e2d0fa6a0_0 .net *"_ivl_0", 63 0, L_0x562e2d11f450;  1 drivers
v0x562e2d0fa7a0_0 .net *"_ivl_1", 63 0, L_0x562e2d11f4f0;  1 drivers
v0x562e2d0fa880_0 .net *"_ivl_2", 63 0, L_0x562e2d11f910;  1 drivers
L_0x7f822e137140 .functor BUFT 1, C4<0000000000000000000000000000000000000000000000000000000000000000>, C4<0>, C4<0>, C4<0>;
v0x562e2d0fa940_0 .net/2u *"_ivl_4", 63 0, L_0x7f822e137140;  1 drivers
v0x562e2d0faa20_0 .net *"_ivl_6", 0 0, L_0x562e2d11fa50;  1 drivers
L_0x562e2d11fa50 .cmp/ne 64, L_0x562e2d11f910, L_0x7f822e137140;
S_0x562e2d0fab30 .scope generate, "layer_zz[6]" "layer_zz[6]" 2 11, 2 11 0, S_0x562e2d0f7040;
 .timescale 0 0;
P_0x562e2d0fad30 .param/l "zz" 1 2 11, +C4<0110>;
S_0x562e2d0fae10 .scope generate, "genblk1" "genblk1" 2 12, 2 12 0, S_0x562e2d0fab30;
 .timescale 0 0;
L_0x562e2d120060 .functor AND 64, L_0x562e2d11fb90, L_0x562e2d11fc30, C4<1111111111111111111111111111111111111111111111111111111111111111>, C4<1111111111111111111111111111111111111111111111111111111111111111>;
v0x562e2d0faff0_0 .net *"_ivl_0", 63 0, L_0x562e2d11fb90;  1 drivers
v0x562e2d0fb0f0_0 .net *"_ivl_1", 63 0, L_0x562e2d11fc30;  1 drivers
v0x562e2d0fb1d0_0 .net *"_ivl_2", 63 0, L_0x562e2d120060;  1 drivers
L_0x7f822e137188 .functor BUFT 1, C4<0000000000000000000000000000000000000000000000000000000000000000>, C4<0>, C4<0>, C4<0>;
v0x562e2d0fb290_0 .net/2u *"_ivl_4", 63 0, L_0x7f822e137188;  1 drivers
v0x562e2d0fb370_0 .net *"_ivl_6", 0 0, L_0x562e2d1201a0;  1 drivers
L_0x562e2d1201a0 .cmp/ne 64, L_0x562e2d120060, L_0x7f822e137188;
S_0x562e2d0fb480 .scope generate, "layer_zz[7]" "layer_zz[7]" 2 11, 2 11 0, S_0x562e2d0f7040;
 .timescale 0 0;
P_0x562e2d0fb680 .param/l "zz" 1 2 11, +C4<0111>;
S_0x562e2d0fb760 .scope generate, "genblk1" "genblk1" 2 12, 2 12 0, S_0x562e2d0fb480;
 .timescale 0 0;
v0x562e2d0fb940_0 .net/2s *"_ivl_0", 0 0, L_0x7f822e1371d0;  1 drivers
# The file index is used to find the file name in the following table.
:file_names 3;
    "N/A";
    "<interactive>";
    "hll_3d_cell.v";
